[2023-02-25 09:03:40,610] multiqc                                            [DEBUG  ]  This is MultiQC v1.11
[2023-02-25 09:03:40,610] multiqc                                            [DEBUG  ]  No MultiQC config found: /usr/local/lib/python3.9/site-packages/multiqc_config.yaml
[2023-02-25 09:03:40,610] multiqc                                            [DEBUG  ]  No MultiQC config found: /.multiqc_config.yaml
[2023-02-25 09:03:40,612] multiqc                                            [DEBUG  ]  Loading config settings from: multiqc_config.yaml
[2023-02-25 09:03:40,612] multiqc                                            [DEBUG  ]  New config 'title': Modulome
[2023-02-25 09:03:40,612] multiqc                                            [DEBUG  ]  New config 'subtitle': Analysis of public microbial RNA-seq data
[2023-02-25 09:03:40,612] multiqc                                            [DEBUG  ]  New config 'report_header_info': [{'Contact E-mail': 'avsastry@ucsd.edu'}, {'Application Type': 'Microbial RNA-seq Analysis'}]
[2023-02-25 09:03:40,612] multiqc                                            [DEBUG  ]  New config 'custom_logo': None
[2023-02-25 09:03:40,612] multiqc                                            [DEBUG  ]  New config 'custom_logo_url': None
[2023-02-25 09:03:40,613] multiqc                                            [DEBUG  ]  New config 'custom_logo_title': None
[2023-02-25 09:03:40,613] multiqc                                            [DEBUG  ]  New config 'custom_content': {'order': []}
[2023-02-25 09:03:40,613] multiqc                                            [DEBUG  ]  Added to filename clean extensions: ['val_1', '_val_2', '_1.fastq', '_2.fastq', '.infer_experiment', '_bowtie.txt', '_all.txt.summary']
[2023-02-25 09:03:40,613] multiqc                                            [DEBUG  ]  New config 'rseqc_sections': ['infer_experiment']
[2023-02-25 09:03:40,613] multiqc                                            [DEBUG  ]  New config 'run_modules': ['featureCounts', 'bowtie1', 'rseqc', 'cutadapt', 'fastqc']
[2023-02-25 09:03:40,613] multiqc                                            [DEBUG  ]  New config 'top_modules': []
[2023-02-25 09:03:40,613] multiqc                                            [DEBUG  ]  New config 'module_order': ['featureCounts', 'bowtie1', 'rseqc', 'cutadapt', 'fastqc']
[2023-02-25 09:03:40,615] multiqc                                            [DEBUG  ]  Loading config settings from: multiqc_config.yaml
[2023-02-25 09:03:40,615] multiqc                                            [DEBUG  ]  New config 'title': Modulome
[2023-02-25 09:03:40,615] multiqc                                            [DEBUG  ]  New config 'subtitle': Analysis of public microbial RNA-seq data
[2023-02-25 09:03:40,615] multiqc                                            [DEBUG  ]  New config 'report_header_info': [{'Contact E-mail': 'avsastry@ucsd.edu'}, {'Application Type': 'Microbial RNA-seq Analysis'}]
[2023-02-25 09:03:40,615] multiqc                                            [DEBUG  ]  New config 'custom_logo': None
[2023-02-25 09:03:40,615] multiqc                                            [DEBUG  ]  New config 'custom_logo_url': None
[2023-02-25 09:03:40,615] multiqc                                            [DEBUG  ]  New config 'custom_logo_title': None
[2023-02-25 09:03:40,615] multiqc                                            [DEBUG  ]  New config 'custom_content': {'order': []}
[2023-02-25 09:03:40,615] multiqc                                            [DEBUG  ]  Added to filename clean extensions: ['val_1', '_val_2', '_1.fastq', '_2.fastq', '.infer_experiment', '_bowtie.txt', '_all.txt.summary']
[2023-02-25 09:03:40,615] multiqc                                            [DEBUG  ]  New config 'rseqc_sections': ['infer_experiment']
[2023-02-25 09:03:40,615] multiqc                                            [DEBUG  ]  New config 'run_modules': ['featureCounts', 'bowtie1', 'rseqc', 'cutadapt', 'fastqc']
[2023-02-25 09:03:40,615] multiqc                                            [DEBUG  ]  New config 'top_modules': []
[2023-02-25 09:03:40,615] multiqc                                            [DEBUG  ]  New config 'module_order': ['featureCounts', 'bowtie1', 'rseqc', 'cutadapt', 'fastqc']
[2023-02-25 09:03:40,615] multiqc                                            [DEBUG  ]  Command used: /usr/local/bin/multiqc -f -c multiqc_config.yaml .
[2023-02-25 09:03:40,900] multiqc                                            [WARNING]  MultiQC Version v1.14 now available!
[2023-02-25 09:03:40,901] multiqc                                            [DEBUG  ]  Command     : /usr/local/bin/multiqc -f -c multiqc_config.yaml .
[2023-02-25 09:03:40,901] multiqc                                            [DEBUG  ]  Working dir : /home/alvaro/github/ica_preprocessing/work/2b/8934c8b4cdcecc1aa868954f2bfb42
[2023-02-25 09:03:40,901] multiqc                                            [DEBUG  ]  Template    : default
[2023-02-25 09:03:40,901] multiqc                                            [DEBUG  ]  Running Python 3.9.5 | packaged by conda-forge | (default, Jun 19 2021, 00:32:32)  [GCC 9.3.0]
[2023-02-25 09:03:40,901] multiqc                                            [INFO   ]  Report title: Modulome
[2023-02-25 09:03:40,902] multiqc                                            [INFO   ]  Only using modules: featureCounts, bowtie1, rseqc, cutadapt, fastqc
[2023-02-25 09:03:40,902] multiqc                                            [DEBUG  ]  Analysing modules: featureCounts, bowtie1, rseqc, cutadapt, fastqc
[2023-02-25 09:03:40,902] multiqc                                            [DEBUG  ]  Using temporary directory for creating report: /tmp/tmpqh6yorau
[2023-02-25 09:03:40,956] multiqc                                            [INFO   ]  Search path : /home/alvaro/github/ica_preprocessing/work/2b/8934c8b4cdcecc1aa868954f2bfb42
[2023-02-25 09:03:40,956] multiqc                                            [DEBUG  ]  Ignored 258 search patterns as didn't match running modules.
[2023-02-25 09:03:40,967] multiqc                                            [DEBUG  ]  File ignored by rseqc/bam_stat because it exceeded search pattern filesize limit: ERX3440931_val_1_fastqc.html
[2023-02-25 09:03:40,967] multiqc                                            [DEBUG  ]  File ignored by rseqc/junction_annotation because it exceeded search pattern filesize limit: ERX3440931_val_1_fastqc.html
[2023-02-25 09:03:40,967] multiqc                                            [DEBUG  ]  File ignored by rseqc/read_distribution because it exceeded search pattern filesize limit: ERX3440931_val_1_fastqc.html
[2023-02-25 09:03:40,967] multiqc                                            [DEBUG  ]  File ignored by rseqc/infer_experiment because it exceeded search pattern filesize limit: ERX3440931_val_1_fastqc.html
[2023-02-25 09:03:40,969] multiqc                                            [DEBUG  ]  File ignored by rseqc/bam_stat because it exceeded search pattern filesize limit: ERX1320318_trimmed_fastqc.html
[2023-02-25 09:03:40,969] multiqc                                            [DEBUG  ]  File ignored by rseqc/junction_annotation because it exceeded search pattern filesize limit: ERX1320318_trimmed_fastqc.html
[2023-02-25 09:03:40,969] multiqc                                            [DEBUG  ]  File ignored by rseqc/read_distribution because it exceeded search pattern filesize limit: ERX1320318_trimmed_fastqc.html
[2023-02-25 09:03:40,969] multiqc                                            [DEBUG  ]  File ignored by rseqc/infer_experiment because it exceeded search pattern filesize limit: ERX1320318_trimmed_fastqc.html
[2023-02-25 09:03:40,971] multiqc                                            [DEBUG  ]  File ignored by rseqc/bam_stat because it exceeded search pattern filesize limit: SRX315307_trimmed_fastqc.html
[2023-02-25 09:03:40,971] multiqc                                            [DEBUG  ]  File ignored by rseqc/junction_annotation because it exceeded search pattern filesize limit: SRX315307_trimmed_fastqc.html
[2023-02-25 09:03:40,971] multiqc                                            [DEBUG  ]  File ignored by rseqc/read_distribution because it exceeded search pattern filesize limit: SRX315307_trimmed_fastqc.html
[2023-02-25 09:03:40,971] multiqc                                            [DEBUG  ]  File ignored by rseqc/infer_experiment because it exceeded search pattern filesize limit: SRX315307_trimmed_fastqc.html
[2023-02-25 09:03:40,974] multiqc                                            [DEBUG  ]  File ignored by rseqc/bam_stat because it exceeded search pattern filesize limit: ERX3440931_val_2_fastqc.html
[2023-02-25 09:03:40,974] multiqc                                            [DEBUG  ]  File ignored by rseqc/junction_annotation because it exceeded search pattern filesize limit: ERX3440931_val_2_fastqc.html
[2023-02-25 09:03:40,974] multiqc                                            [DEBUG  ]  File ignored by rseqc/read_distribution because it exceeded search pattern filesize limit: ERX3440931_val_2_fastqc.html
[2023-02-25 09:03:40,974] multiqc                                            [DEBUG  ]  File ignored by rseqc/infer_experiment because it exceeded search pattern filesize limit: ERX3440931_val_2_fastqc.html
[2023-02-25 09:03:41,250] multiqc.plots.bargraph                             [DEBUG  ]  Using matplotlib version 3.4.2
[2023-02-25 09:03:41,263] multiqc.modules.featureCounts.feature_counts       [INFO   ]  Found 3 reports
[2023-02-25 09:03:41,268] multiqc.modules.bowtie1.bowtie1                    [INFO   ]  Found 3 reports
[2023-02-25 09:03:41,273] multiqc.modules.rseqc.rseqc                        [INFO   ]  Found 3 infer_experiment reports
[2023-02-25 09:03:41,275] multiqc.plots.linegraph                            [DEBUG  ]  Using matplotlib version 3.4.2
[2023-02-25 09:03:41,280] multiqc.modules.cutadapt.cutadapt                  [DEBUG  ]  Duplicate sample name found! Overwriting: ERX3440931
[2023-02-25 09:03:41,280] multiqc.modules.cutadapt.cutadapt                  [INFO   ]  Found 3 reports
[2023-02-25 09:03:41,295] multiqc.modules.fastqc.fastqc                      [DEBUG  ]  Duplicate sample name found! Overwriting: ERX3440931
[2023-02-25 09:03:41,296] multiqc.modules.fastqc.fastqc                      [INFO   ]  Found 3 reports
[2023-02-25 09:03:41,328] multiqc                                            [INFO   ]  Compressing plot data
[2023-02-25 09:03:41,373] multiqc                                            [INFO   ]  Report      : multiqc_report.html
[2023-02-25 09:03:41,373] multiqc                                            [INFO   ]  Data        : multiqc_data
[2023-02-25 09:03:41,373] multiqc                                            [DEBUG  ]  Moving data file from '/tmp/tmpqh6yorau/multiqc_data' to '/home/alvaro/github/ica_preprocessing/work/2b/8934c8b4cdcecc1aa868954f2bfb42/multiqc_data'
[2023-02-25 09:03:41,431] multiqc                                            [INFO   ]  MultiQC complete
