Feb-28 15:40:55.284 [main] DEBUG nextflow.cli.Launcher - $> nextflow run main.nf -profile local --organism txid32049 --metadata Synechococcus_sp_PCC_7002/metadata/Synechococcus_sp_PCC_7002.tsv --sequence_dir Synechococcus_sp_PCC_7002/sequence_files/ --outdir Synechococcus_sp_PCC_7002/nf_results/PRJNA294837/
Feb-28 15:40:55.366 [main] INFO  nextflow.cli.CmdRun - N E X T F L O W  ~  version 22.10.6
Feb-28 15:40:55.383 [main] DEBUG nextflow.plugin.PluginsFacade - Setting up plugin manager > mode=prod; embedded=false; plugins-dir=/home/alvaro/.nextflow/plugins; core-plugins: nf-amazon@1.11.3,nf-azure@0.14.2,nf-codecommit@0.1.2,nf-console@1.0.4,nf-ga4gh@1.0.4,nf-google@1.4.5,nf-tower@1.5.6,nf-wave@0.5.3
Feb-28 15:40:55.390 [main] INFO  org.pf4j.DefaultPluginStatusProvider - Enabled plugins: []
Feb-28 15:40:55.391 [main] INFO  org.pf4j.DefaultPluginStatusProvider - Disabled plugins: []
Feb-28 15:40:55.394 [main] INFO  org.pf4j.DefaultPluginManager - PF4J version 3.4.1 in 'deployment' mode
Feb-28 15:40:55.403 [main] INFO  org.pf4j.AbstractPluginManager - No plugins
Feb-28 15:40:55.414 [main] DEBUG nextflow.config.ConfigBuilder - Found config local: /home/alvaro/github/ica_preprocessing/nextflow.config
Feb-28 15:40:55.415 [main] DEBUG nextflow.config.ConfigBuilder - Parsing config file: /home/alvaro/github/ica_preprocessing/nextflow.config
Feb-28 15:40:55.431 [main] DEBUG nextflow.config.ConfigBuilder - Applying config profile: `local`
Feb-28 15:40:56.040 [main] DEBUG nextflow.config.ConfigBuilder - Available config profiles: [local]
Feb-28 15:40:56.067 [main] DEBUG nextflow.cli.CmdRun - Applied DSL=1 by probing script field
Feb-28 15:40:56.083 [main] INFO  nextflow.cli.CmdRun - Launching `main.nf` [berserk_leavitt] DSL1 - revision: f687a666aa
Feb-28 15:40:56.083 [main] DEBUG nextflow.plugin.PluginsFacade - Plugins default=[]
Feb-28 15:40:56.083 [main] DEBUG nextflow.plugin.PluginsFacade - Plugins resolved requirement=[]
Feb-28 15:40:56.090 [main] DEBUG nextflow.secret.LocalSecretsProvider - Secrets store: /home/alvaro/.nextflow/secrets/store.json
Feb-28 15:40:56.094 [main] DEBUG nextflow.secret.SecretsLoader - Discovered secrets providers: [nextflow.secret.LocalSecretsProvider@5dbb50f3] - activable => nextflow.secret.LocalSecretsProvider@5dbb50f3
Feb-28 15:40:56.144 [main] DEBUG nextflow.Session - Session UUID: fa9b9ce3-8505-4f9d-a060-25c9ef11b8c2
Feb-28 15:40:56.144 [main] DEBUG nextflow.Session - Run name: berserk_leavitt
Feb-28 15:40:56.144 [main] DEBUG nextflow.Session - Executor pool size: 8
Feb-28 15:40:56.153 [main] DEBUG nextflow.util.ThreadPoolBuilder - Creating thread pool 'FileTransfer' minSize=10; maxSize=24; workQueue=LinkedBlockingQueue[10000]; allowCoreThreadTimeout=false
Feb-28 15:40:56.180 [main] DEBUG nextflow.cli.CmdRun - 
  Version: 22.10.6 build 5843
  Created: 23-01-2023 23:20 UTC (24-01-2023 00:20 CEST)
  System: Linux 5.11.0-44-generic
  Runtime: Groovy 3.0.13 on OpenJDK 64-Bit Server VM 11.0.13+7-b1751.21
  Encoding: UTF-8 (UTF-8)
  Process: 52158@alvaro-Modern-14-B11MO [127.0.1.1]
  CPUs: 8 - Mem: 15.3 GB (201.7 MB) - Swap: 2 GB (2 GB)
Feb-28 15:40:56.197 [main] DEBUG nextflow.Session - Work-dir: /home/alvaro/github/ica_preprocessing/work [ext2/ext3]
Feb-28 15:40:56.210 [main] DEBUG nextflow.executor.ExecutorFactory - Extension executors providers=[]
Feb-28 15:40:56.219 [main] DEBUG nextflow.Session - Observer factory: DefaultObserverFactory
Feb-28 15:40:56.287 [main] DEBUG nextflow.cache.CacheFactory - Using Nextflow cache factory: nextflow.cache.DefaultCacheFactory
Feb-28 15:40:56.300 [main] DEBUG nextflow.util.CustomThreadPool - Creating default thread pool > poolSize: 9; maxThreads: 1000
Feb-28 15:40:56.358 [main] DEBUG nextflow.Session - Session start
Feb-28 15:40:56.363 [main] DEBUG nextflow.trace.TraceFileObserver - Workflow started -- trace file: /home/alvaro/github/ica_preprocessing/trace/trace.txt
Feb-28 15:40:57.476 [main] DEBUG nextflow.script.ScriptRunner - > Launching execution
Feb-28 15:40:57.513 [PathVisitor-1] DEBUG nextflow.file.PathVisitor - files for syntax: glob; folder: Synechococcus_sp_PCC_7002/sequence_files/; pattern: *.{fasta,gff3}; options: [checkIfExists:true]
Feb-28 15:40:57.518 [PathVisitor-1] DEBUG nextflow.file.PathVisitor - No such file: Synechococcus_sp_PCC_7002/sequence_files/ -- Skipping visit
Feb-28 15:40:57.521 [PathVisitor-1] ERROR nextflow.Channel - No files match pattern `*.{fasta,gff3}` at path: Synechococcus_sp_PCC_7002/sequence_files/
java.lang.IllegalArgumentException: No files match pattern `*.{fasta,gff3}` at path: Synechococcus_sp_PCC_7002/sequence_files/
	at nextflow.file.PathVisitor.pathImpl(PathVisitor.groovy:173)
	at nextflow.file.PathVisitor.applyGlobPattern0(PathVisitor.groovy:131)
	at nextflow.file.PathVisitor.apply(PathVisitor.groovy:69)
	at nextflow.file.PathVisitor$_applyAsync_closure1.doCall(PathVisitor.groovy:78)
	at nextflow.file.PathVisitor$_applyAsync_closure1.call(PathVisitor.groovy)
	at groovy.lang.Closure.run(Closure.java:493)
	at java.base/java.util.concurrent.CompletableFuture$UniRun.tryFire(CompletableFuture.java:783)
	at java.base/java.util.concurrent.CompletableFuture$Completion.run(CompletableFuture.java:478)
	at java.base/java.util.concurrent.ThreadPoolExecutor.runWorker(ThreadPoolExecutor.java:1128)
	at java.base/java.util.concurrent.ThreadPoolExecutor$Worker.run(ThreadPoolExecutor.java:628)
	at java.base/java.lang.Thread.run(Thread.java:829)
Feb-28 15:40:57.528 [PathVisitor-1] DEBUG nextflow.Session - Session aborted -- Cause: No files match pattern `*.{fasta,gff3}` at path: Synechococcus_sp_PCC_7002/sequence_files/
Feb-28 15:40:57.618 [main] DEBUG nextflow.script.ProcessConfig - Config settings `withLabel:bowtie` matches labels `bowtie,small` for process with name bowtie_build
Feb-28 15:40:57.619 [main] DEBUG nextflow.script.ProcessConfig - Config settings `withLabel:small` matches labels `bowtie,small` for process with name bowtie_build
Feb-28 15:40:57.621 [main] DEBUG nextflow.executor.ExecutorFactory - << taskConfig executor: local
Feb-28 15:40:57.621 [main] DEBUG nextflow.executor.ExecutorFactory - >> processorType: 'local'
Feb-28 15:40:57.626 [main] DEBUG nextflow.executor.Executor - [warm up] executor > local
Feb-28 15:40:57.630 [main] DEBUG n.processor.LocalPollingMonitor - Creating local task monitor for executor 'local' > cpus=8; memory=15.3 GB; capacity=8; pollInterval=100ms; dumpInterval=5m
Feb-28 15:40:57.677 [main] DEBUG nextflow.script.ProcessConfig - Config settings `withLabel:small` matches labels `small` for process with name gff2bed
Feb-28 15:40:57.677 [main] DEBUG nextflow.script.ProcessConfig - Config settings `withName:gff2bed` matches process gff2bed
Feb-28 15:40:57.678 [main] DEBUG nextflow.executor.ExecutorFactory - << taskConfig executor: local
Feb-28 15:40:57.678 [main] DEBUG nextflow.executor.ExecutorFactory - >> processorType: 'local'
Feb-28 15:40:57.681 [main] ERROR nextflow.cli.Launcher - @unknown
org.codehaus.groovy.runtime.powerassert.PowerAssertionError: assert(csv.exists())
       |   |
       |   false
       Synechococcus_sp_PCC_7002/metadata/Synechococcus_sp_PCC_7002.tsv
	at org.codehaus.groovy.runtime.InvokerHelper.assertFailed(InvokerHelper.java:436)
	at org.codehaus.groovy.runtime.ScriptBytecodeAdapter.assertFailed(ScriptBytecodeAdapter.java:670)
	at Script_ec514071.runScript(Script_ec514071:130)
	at nextflow.script.BaseScript.runDsl1(BaseScript.groovy:164)
	at nextflow.script.BaseScript.run(BaseScript.groovy:217)
	at nextflow.script.ScriptParser.runScript(ScriptParser.groovy:230)
	at nextflow.script.ScriptRunner.run(ScriptRunner.groovy:225)
	at nextflow.script.ScriptRunner.execute(ScriptRunner.groovy:131)
	at nextflow.cli.CmdRun.run(CmdRun.groovy:354)
	at nextflow.cli.Launcher.run(Launcher.groovy:487)
	at nextflow.cli.Launcher.main(Launcher.groovy:646)
