[2023-03-07 09:51:05,742] multiqc                                            [DEBUG  ]  This is MultiQC v1.11
[2023-03-07 09:51:05,742] multiqc                                            [DEBUG  ]  No MultiQC config found: /usr/local/lib/python3.9/site-packages/multiqc_config.yaml
[2023-03-07 09:51:05,742] multiqc                                            [DEBUG  ]  No MultiQC config found: /.multiqc_config.yaml
[2023-03-07 09:51:05,745] multiqc                                            [DEBUG  ]  Loading config settings from: multiqc_config.yaml
[2023-03-07 09:51:05,745] multiqc                                            [DEBUG  ]  New config 'title': Modulome
[2023-03-07 09:51:05,745] multiqc                                            [DEBUG  ]  New config 'subtitle': Analysis of public microbial RNA-seq data
[2023-03-07 09:51:05,745] multiqc                                            [DEBUG  ]  New config 'report_header_info': [{'Contact E-mail': 'avsastry@ucsd.edu'}, {'Application Type': 'Microbial RNA-seq Analysis'}]
[2023-03-07 09:51:05,745] multiqc                                            [DEBUG  ]  New config 'custom_logo': None
[2023-03-07 09:51:05,745] multiqc                                            [DEBUG  ]  New config 'custom_logo_url': None
[2023-03-07 09:51:05,745] multiqc                                            [DEBUG  ]  New config 'custom_logo_title': None
[2023-03-07 09:51:05,745] multiqc                                            [DEBUG  ]  New config 'custom_content': {'order': []}
[2023-03-07 09:51:05,745] multiqc                                            [DEBUG  ]  Added to filename clean extensions: ['val_1', '_val_2', '_1.fastq', '_2.fastq', '.infer_experiment', '_bowtie.txt', '_all.txt.summary']
[2023-03-07 09:51:05,746] multiqc                                            [DEBUG  ]  New config 'rseqc_sections': ['infer_experiment']
[2023-03-07 09:51:05,746] multiqc                                            [DEBUG  ]  New config 'run_modules': ['featureCounts', 'bowtie1', 'rseqc', 'cutadapt', 'fastqc']
[2023-03-07 09:51:05,746] multiqc                                            [DEBUG  ]  New config 'top_modules': []
[2023-03-07 09:51:05,746] multiqc                                            [DEBUG  ]  New config 'module_order': ['featureCounts', 'bowtie1', 'rseqc', 'cutadapt', 'fastqc']
[2023-03-07 09:51:05,748] multiqc                                            [DEBUG  ]  Loading config settings from: multiqc_config.yaml
[2023-03-07 09:51:05,748] multiqc                                            [DEBUG  ]  New config 'title': Modulome
[2023-03-07 09:51:05,748] multiqc                                            [DEBUG  ]  New config 'subtitle': Analysis of public microbial RNA-seq data
[2023-03-07 09:51:05,748] multiqc                                            [DEBUG  ]  New config 'report_header_info': [{'Contact E-mail': 'avsastry@ucsd.edu'}, {'Application Type': 'Microbial RNA-seq Analysis'}]
[2023-03-07 09:51:05,748] multiqc                                            [DEBUG  ]  New config 'custom_logo': None
[2023-03-07 09:51:05,748] multiqc                                            [DEBUG  ]  New config 'custom_logo_url': None
[2023-03-07 09:51:05,748] multiqc                                            [DEBUG  ]  New config 'custom_logo_title': None
[2023-03-07 09:51:05,749] multiqc                                            [DEBUG  ]  New config 'custom_content': {'order': []}
[2023-03-07 09:51:05,749] multiqc                                            [DEBUG  ]  Added to filename clean extensions: ['val_1', '_val_2', '_1.fastq', '_2.fastq', '.infer_experiment', '_bowtie.txt', '_all.txt.summary']
[2023-03-07 09:51:05,749] multiqc                                            [DEBUG  ]  New config 'rseqc_sections': ['infer_experiment']
[2023-03-07 09:51:05,749] multiqc                                            [DEBUG  ]  New config 'run_modules': ['featureCounts', 'bowtie1', 'rseqc', 'cutadapt', 'fastqc']
[2023-03-07 09:51:05,749] multiqc                                            [DEBUG  ]  New config 'top_modules': []
[2023-03-07 09:51:05,749] multiqc                                            [DEBUG  ]  New config 'module_order': ['featureCounts', 'bowtie1', 'rseqc', 'cutadapt', 'fastqc']
[2023-03-07 09:51:05,749] multiqc                                            [DEBUG  ]  Command used: /usr/local/bin/multiqc -f -c multiqc_config.yaml .
[2023-03-07 09:51:06,990] multiqc                                            [WARNING]  MultiQC Version v1.14 now available!
[2023-03-07 09:51:06,991] multiqc                                            [DEBUG  ]  Command     : /usr/local/bin/multiqc -f -c multiqc_config.yaml .
[2023-03-07 09:51:06,991] multiqc                                            [DEBUG  ]  Working dir : /data/sbg/agargantilla/github/CYANICA/work/5f/6c5e85ea69086a212cc99af069bef3
[2023-03-07 09:51:06,991] multiqc                                            [DEBUG  ]  Template    : default
[2023-03-07 09:51:06,991] multiqc                                            [DEBUG  ]  Running Python 3.9.5 | packaged by conda-forge | (default, Jun 19 2021, 00:32:32)  [GCC 9.3.0]
[2023-03-07 09:51:06,991] multiqc                                            [INFO   ]  Report title: Modulome
[2023-03-07 09:51:06,992] multiqc                                            [INFO   ]  Only using modules: featureCounts, bowtie1, rseqc, cutadapt, fastqc
[2023-03-07 09:51:06,992] multiqc                                            [DEBUG  ]  Analysing modules: featureCounts, bowtie1, rseqc, cutadapt, fastqc
[2023-03-07 09:51:06,992] multiqc                                            [DEBUG  ]  Using temporary directory for creating report: /tmp/tmpg4xwekqc
[2023-03-07 09:51:07,076] multiqc                                            [INFO   ]  Search path : /data/sbg/agargantilla/github/CYANICA/work/5f/6c5e85ea69086a212cc99af069bef3
[2023-03-07 09:51:07,077] multiqc                                            [DEBUG  ]  Ignored 258 search patterns as didn't match running modules.
[2023-03-07 09:51:07,085] multiqc                                            [DEBUG  ]  File ignored by rseqc/bam_stat because it exceeded search pattern filesize limit: SRX11490745_trimmed_fastqc.html
[2023-03-07 09:51:07,085] multiqc                                            [DEBUG  ]  File ignored by rseqc/junction_annotation because it exceeded search pattern filesize limit: SRX11490745_trimmed_fastqc.html
[2023-03-07 09:51:07,085] multiqc                                            [DEBUG  ]  File ignored by rseqc/read_distribution because it exceeded search pattern filesize limit: SRX11490745_trimmed_fastqc.html
[2023-03-07 09:51:07,085] multiqc                                            [DEBUG  ]  File ignored by rseqc/infer_experiment because it exceeded search pattern filesize limit: SRX11490745_trimmed_fastqc.html
[2023-03-07 09:51:07,089] multiqc                                            [DEBUG  ]  File ignored by rseqc/bam_stat because it exceeded search pattern filesize limit: SRX11490746_trimmed_fastqc.html
[2023-03-07 09:51:07,089] multiqc                                            [DEBUG  ]  File ignored by rseqc/junction_annotation because it exceeded search pattern filesize limit: SRX11490746_trimmed_fastqc.html
[2023-03-07 09:51:07,089] multiqc                                            [DEBUG  ]  File ignored by rseqc/read_distribution because it exceeded search pattern filesize limit: SRX11490746_trimmed_fastqc.html
[2023-03-07 09:51:07,089] multiqc                                            [DEBUG  ]  File ignored by rseqc/infer_experiment because it exceeded search pattern filesize limit: SRX11490746_trimmed_fastqc.html
[2023-03-07 09:51:07,091] multiqc                                            [DEBUG  ]  File ignored by rseqc/bam_stat because it exceeded search pattern filesize limit: SRX11490741_trimmed_fastqc.html
[2023-03-07 09:51:07,091] multiqc                                            [DEBUG  ]  File ignored by rseqc/junction_annotation because it exceeded search pattern filesize limit: SRX11490741_trimmed_fastqc.html
[2023-03-07 09:51:07,092] multiqc                                            [DEBUG  ]  File ignored by rseqc/read_distribution because it exceeded search pattern filesize limit: SRX11490741_trimmed_fastqc.html
[2023-03-07 09:51:07,092] multiqc                                            [DEBUG  ]  File ignored by rseqc/infer_experiment because it exceeded search pattern filesize limit: SRX11490741_trimmed_fastqc.html
[2023-03-07 09:51:07,094] multiqc                                            [DEBUG  ]  File ignored by rseqc/bam_stat because it exceeded search pattern filesize limit: SRX11490742_trimmed_fastqc.html
[2023-03-07 09:51:07,094] multiqc                                            [DEBUG  ]  File ignored by rseqc/junction_annotation because it exceeded search pattern filesize limit: SRX11490742_trimmed_fastqc.html
[2023-03-07 09:51:07,094] multiqc                                            [DEBUG  ]  File ignored by rseqc/read_distribution because it exceeded search pattern filesize limit: SRX11490742_trimmed_fastqc.html
[2023-03-07 09:51:07,094] multiqc                                            [DEBUG  ]  File ignored by rseqc/infer_experiment because it exceeded search pattern filesize limit: SRX11490742_trimmed_fastqc.html
[2023-03-07 09:51:07,098] multiqc                                            [DEBUG  ]  File ignored by rseqc/bam_stat because it exceeded search pattern filesize limit: SRX11490751_trimmed_fastqc.html
[2023-03-07 09:51:07,098] multiqc                                            [DEBUG  ]  File ignored by rseqc/junction_annotation because it exceeded search pattern filesize limit: SRX11490751_trimmed_fastqc.html
[2023-03-07 09:51:07,098] multiqc                                            [DEBUG  ]  File ignored by rseqc/read_distribution because it exceeded search pattern filesize limit: SRX11490751_trimmed_fastqc.html
[2023-03-07 09:51:07,098] multiqc                                            [DEBUG  ]  File ignored by rseqc/infer_experiment because it exceeded search pattern filesize limit: SRX11490751_trimmed_fastqc.html
[2023-03-07 09:51:07,101] multiqc                                            [DEBUG  ]  File ignored by rseqc/bam_stat because it exceeded search pattern filesize limit: SRX11490747_trimmed_fastqc.html
[2023-03-07 09:51:07,101] multiqc                                            [DEBUG  ]  File ignored by rseqc/junction_annotation because it exceeded search pattern filesize limit: SRX11490747_trimmed_fastqc.html
[2023-03-07 09:51:07,101] multiqc                                            [DEBUG  ]  File ignored by rseqc/read_distribution because it exceeded search pattern filesize limit: SRX11490747_trimmed_fastqc.html
[2023-03-07 09:51:07,101] multiqc                                            [DEBUG  ]  File ignored by rseqc/infer_experiment because it exceeded search pattern filesize limit: SRX11490747_trimmed_fastqc.html
[2023-03-07 09:51:07,104] multiqc                                            [DEBUG  ]  File ignored by rseqc/bam_stat because it exceeded search pattern filesize limit: SRX11490744_trimmed_fastqc.html
[2023-03-07 09:51:07,104] multiqc                                            [DEBUG  ]  File ignored by rseqc/junction_annotation because it exceeded search pattern filesize limit: SRX11490744_trimmed_fastqc.html
[2023-03-07 09:51:07,104] multiqc                                            [DEBUG  ]  File ignored by rseqc/read_distribution because it exceeded search pattern filesize limit: SRX11490744_trimmed_fastqc.html
[2023-03-07 09:51:07,104] multiqc                                            [DEBUG  ]  File ignored by rseqc/infer_experiment because it exceeded search pattern filesize limit: SRX11490744_trimmed_fastqc.html
[2023-03-07 09:51:07,107] multiqc                                            [DEBUG  ]  File ignored by rseqc/bam_stat because it exceeded search pattern filesize limit: SRX11490748_trimmed_fastqc.html
[2023-03-07 09:51:07,107] multiqc                                            [DEBUG  ]  File ignored by rseqc/junction_annotation because it exceeded search pattern filesize limit: SRX11490748_trimmed_fastqc.html
[2023-03-07 09:51:07,107] multiqc                                            [DEBUG  ]  File ignored by rseqc/read_distribution because it exceeded search pattern filesize limit: SRX11490748_trimmed_fastqc.html
[2023-03-07 09:51:07,107] multiqc                                            [DEBUG  ]  File ignored by rseqc/infer_experiment because it exceeded search pattern filesize limit: SRX11490748_trimmed_fastqc.html
[2023-03-07 09:51:07,110] multiqc                                            [DEBUG  ]  File ignored by rseqc/bam_stat because it exceeded search pattern filesize limit: SRX11490750_trimmed_fastqc.html
[2023-03-07 09:51:07,110] multiqc                                            [DEBUG  ]  File ignored by rseqc/junction_annotation because it exceeded search pattern filesize limit: SRX11490750_trimmed_fastqc.html
[2023-03-07 09:51:07,110] multiqc                                            [DEBUG  ]  File ignored by rseqc/read_distribution because it exceeded search pattern filesize limit: SRX11490750_trimmed_fastqc.html
[2023-03-07 09:51:07,110] multiqc                                            [DEBUG  ]  File ignored by rseqc/infer_experiment because it exceeded search pattern filesize limit: SRX11490750_trimmed_fastqc.html
[2023-03-07 09:51:07,113] multiqc                                            [DEBUG  ]  File ignored by rseqc/bam_stat because it exceeded search pattern filesize limit: SRX11490749_trimmed_fastqc.html
[2023-03-07 09:51:07,113] multiqc                                            [DEBUG  ]  File ignored by rseqc/junction_annotation because it exceeded search pattern filesize limit: SRX11490749_trimmed_fastqc.html
[2023-03-07 09:51:07,113] multiqc                                            [DEBUG  ]  File ignored by rseqc/read_distribution because it exceeded search pattern filesize limit: SRX11490749_trimmed_fastqc.html
[2023-03-07 09:51:07,113] multiqc                                            [DEBUG  ]  File ignored by rseqc/infer_experiment because it exceeded search pattern filesize limit: SRX11490749_trimmed_fastqc.html
[2023-03-07 09:51:07,116] multiqc                                            [DEBUG  ]  File ignored by rseqc/bam_stat because it exceeded search pattern filesize limit: SRX11490752_trimmed_fastqc.html
[2023-03-07 09:51:07,116] multiqc                                            [DEBUG  ]  File ignored by rseqc/junction_annotation because it exceeded search pattern filesize limit: SRX11490752_trimmed_fastqc.html
[2023-03-07 09:51:07,116] multiqc                                            [DEBUG  ]  File ignored by rseqc/read_distribution because it exceeded search pattern filesize limit: SRX11490752_trimmed_fastqc.html
[2023-03-07 09:51:07,116] multiqc                                            [DEBUG  ]  File ignored by rseqc/infer_experiment because it exceeded search pattern filesize limit: SRX11490752_trimmed_fastqc.html
[2023-03-07 09:51:07,119] multiqc                                            [DEBUG  ]  File ignored by rseqc/bam_stat because it exceeded search pattern filesize limit: SRX11490743_trimmed_fastqc.html
[2023-03-07 09:51:07,119] multiqc                                            [DEBUG  ]  File ignored by rseqc/junction_annotation because it exceeded search pattern filesize limit: SRX11490743_trimmed_fastqc.html
[2023-03-07 09:51:07,119] multiqc                                            [DEBUG  ]  File ignored by rseqc/read_distribution because it exceeded search pattern filesize limit: SRX11490743_trimmed_fastqc.html
[2023-03-07 09:51:07,119] multiqc                                            [DEBUG  ]  File ignored by rseqc/infer_experiment because it exceeded search pattern filesize limit: SRX11490743_trimmed_fastqc.html
[2023-03-07 09:51:07,492] multiqc.plots.bargraph                             [DEBUG  ]  Using matplotlib version 3.4.2
[2023-03-07 09:51:07,516] multiqc.modules.featureCounts.feature_counts       [INFO   ]  Found 12 reports
[2023-03-07 09:51:07,524] multiqc.modules.bowtie1.bowtie1                    [INFO   ]  Found 12 reports
[2023-03-07 09:51:07,531] multiqc.modules.rseqc.rseqc                        [INFO   ]  Found 12 infer_experiment reports
[2023-03-07 09:51:07,534] multiqc.plots.linegraph                            [DEBUG  ]  Using matplotlib version 3.4.2
[2023-03-07 09:51:07,548] multiqc.modules.cutadapt.cutadapt                  [INFO   ]  Found 12 reports
[2023-03-07 09:51:07,576] multiqc.modules.fastqc.fastqc                      [INFO   ]  Found 12 reports
[2023-03-07 09:51:07,736] multiqc                                            [INFO   ]  Compressing plot data
[2023-03-07 09:51:07,936] multiqc                                            [INFO   ]  Report      : multiqc_report.html
[2023-03-07 09:51:07,936] multiqc                                            [INFO   ]  Data        : multiqc_data
[2023-03-07 09:51:07,936] multiqc                                            [DEBUG  ]  Moving data file from '/tmp/tmpg4xwekqc/multiqc_data' to '/data/sbg/agargantilla/github/CYANICA/work/5f/6c5e85ea69086a212cc99af069bef3/multiqc_data'
[2023-03-07 09:51:08,006] multiqc                                            [INFO   ]  MultiQC complete
