[2023-03-06 14:31:15,763] multiqc                                            [DEBUG  ]  This is MultiQC v1.11
[2023-03-06 14:31:15,763] multiqc                                            [DEBUG  ]  No MultiQC config found: /usr/local/lib/python3.9/site-packages/multiqc_config.yaml
[2023-03-06 14:31:15,763] multiqc                                            [DEBUG  ]  No MultiQC config found: /.multiqc_config.yaml
[2023-03-06 14:31:15,766] multiqc                                            [DEBUG  ]  Loading config settings from: multiqc_config.yaml
[2023-03-06 14:31:15,766] multiqc                                            [DEBUG  ]  New config 'title': Modulome
[2023-03-06 14:31:15,766] multiqc                                            [DEBUG  ]  New config 'subtitle': Analysis of public microbial RNA-seq data
[2023-03-06 14:31:15,766] multiqc                                            [DEBUG  ]  New config 'report_header_info': [{'Contact E-mail': 'avsastry@ucsd.edu'}, {'Application Type': 'Microbial RNA-seq Analysis'}]
[2023-03-06 14:31:15,766] multiqc                                            [DEBUG  ]  New config 'custom_logo': None
[2023-03-06 14:31:15,766] multiqc                                            [DEBUG  ]  New config 'custom_logo_url': None
[2023-03-06 14:31:15,766] multiqc                                            [DEBUG  ]  New config 'custom_logo_title': None
[2023-03-06 14:31:15,766] multiqc                                            [DEBUG  ]  New config 'custom_content': {'order': []}
[2023-03-06 14:31:15,766] multiqc                                            [DEBUG  ]  Added to filename clean extensions: ['val_1', '_val_2', '_1.fastq', '_2.fastq', '.infer_experiment', '_bowtie.txt', '_all.txt.summary']
[2023-03-06 14:31:15,766] multiqc                                            [DEBUG  ]  New config 'rseqc_sections': ['infer_experiment']
[2023-03-06 14:31:15,766] multiqc                                            [DEBUG  ]  New config 'run_modules': ['featureCounts', 'bowtie1', 'rseqc', 'cutadapt', 'fastqc']
[2023-03-06 14:31:15,766] multiqc                                            [DEBUG  ]  New config 'top_modules': []
[2023-03-06 14:31:15,766] multiqc                                            [DEBUG  ]  New config 'module_order': ['featureCounts', 'bowtie1', 'rseqc', 'cutadapt', 'fastqc']
[2023-03-06 14:31:15,768] multiqc                                            [DEBUG  ]  Loading config settings from: multiqc_config.yaml
[2023-03-06 14:31:15,768] multiqc                                            [DEBUG  ]  New config 'title': Modulome
[2023-03-06 14:31:15,769] multiqc                                            [DEBUG  ]  New config 'subtitle': Analysis of public microbial RNA-seq data
[2023-03-06 14:31:15,769] multiqc                                            [DEBUG  ]  New config 'report_header_info': [{'Contact E-mail': 'avsastry@ucsd.edu'}, {'Application Type': 'Microbial RNA-seq Analysis'}]
[2023-03-06 14:31:15,769] multiqc                                            [DEBUG  ]  New config 'custom_logo': None
[2023-03-06 14:31:15,769] multiqc                                            [DEBUG  ]  New config 'custom_logo_url': None
[2023-03-06 14:31:15,769] multiqc                                            [DEBUG  ]  New config 'custom_logo_title': None
[2023-03-06 14:31:15,769] multiqc                                            [DEBUG  ]  New config 'custom_content': {'order': []}
[2023-03-06 14:31:15,769] multiqc                                            [DEBUG  ]  Added to filename clean extensions: ['val_1', '_val_2', '_1.fastq', '_2.fastq', '.infer_experiment', '_bowtie.txt', '_all.txt.summary']
[2023-03-06 14:31:15,769] multiqc                                            [DEBUG  ]  New config 'rseqc_sections': ['infer_experiment']
[2023-03-06 14:31:15,769] multiqc                                            [DEBUG  ]  New config 'run_modules': ['featureCounts', 'bowtie1', 'rseqc', 'cutadapt', 'fastqc']
[2023-03-06 14:31:15,769] multiqc                                            [DEBUG  ]  New config 'top_modules': []
[2023-03-06 14:31:15,769] multiqc                                            [DEBUG  ]  New config 'module_order': ['featureCounts', 'bowtie1', 'rseqc', 'cutadapt', 'fastqc']
[2023-03-06 14:31:15,769] multiqc                                            [DEBUG  ]  Command used: /usr/local/bin/multiqc -f -c multiqc_config.yaml .
[2023-03-06 14:31:16,061] multiqc                                            [WARNING]  MultiQC Version v1.14 now available!
[2023-03-06 14:31:16,061] multiqc                                            [DEBUG  ]  Command     : /usr/local/bin/multiqc -f -c multiqc_config.yaml .
[2023-03-06 14:31:16,061] multiqc                                            [DEBUG  ]  Working dir : /home/alvaro/github/CYANICA/work/63/4f730fbb4b1f5f98b8e52191f4ce14
[2023-03-06 14:31:16,061] multiqc                                            [DEBUG  ]  Template    : default
[2023-03-06 14:31:16,061] multiqc                                            [DEBUG  ]  Running Python 3.9.5 | packaged by conda-forge | (default, Jun 19 2021, 00:32:32)  [GCC 9.3.0]
[2023-03-06 14:31:16,061] multiqc                                            [INFO   ]  Report title: Modulome
[2023-03-06 14:31:16,061] multiqc                                            [INFO   ]  Only using modules: featureCounts, bowtie1, rseqc, cutadapt, fastqc
[2023-03-06 14:31:16,061] multiqc                                            [DEBUG  ]  Analysing modules: featureCounts, bowtie1, rseqc, cutadapt, fastqc
[2023-03-06 14:31:16,061] multiqc                                            [DEBUG  ]  Using temporary directory for creating report: /tmp/tmplktbpt7w
[2023-03-06 14:31:16,113] multiqc                                            [INFO   ]  Search path : /home/alvaro/github/CYANICA/work/63/4f730fbb4b1f5f98b8e52191f4ce14
[2023-03-06 14:31:16,113] multiqc                                            [DEBUG  ]  Ignored 258 search patterns as didn't match running modules.
[2023-03-06 14:31:16,125] multiqc                                            [DEBUG  ]  File ignored by rseqc/bam_stat because it exceeded search pattern filesize limit: SRX347149_val_1_fastqc.html
[2023-03-06 14:31:16,125] multiqc                                            [DEBUG  ]  File ignored by rseqc/junction_annotation because it exceeded search pattern filesize limit: SRX347149_val_1_fastqc.html
[2023-03-06 14:31:16,125] multiqc                                            [DEBUG  ]  File ignored by rseqc/read_distribution because it exceeded search pattern filesize limit: SRX347149_val_1_fastqc.html
[2023-03-06 14:31:16,125] multiqc                                            [DEBUG  ]  File ignored by rseqc/infer_experiment because it exceeded search pattern filesize limit: SRX347149_val_1_fastqc.html
[2023-03-06 14:31:16,127] multiqc                                            [DEBUG  ]  File ignored by rseqc/bam_stat because it exceeded search pattern filesize limit: SRX347146_val_2_fastqc.html
[2023-03-06 14:31:16,127] multiqc                                            [DEBUG  ]  File ignored by rseqc/junction_annotation because it exceeded search pattern filesize limit: SRX347146_val_2_fastqc.html
[2023-03-06 14:31:16,127] multiqc                                            [DEBUG  ]  File ignored by rseqc/read_distribution because it exceeded search pattern filesize limit: SRX347146_val_2_fastqc.html
[2023-03-06 14:31:16,127] multiqc                                            [DEBUG  ]  File ignored by rseqc/infer_experiment because it exceeded search pattern filesize limit: SRX347146_val_2_fastqc.html
[2023-03-06 14:31:16,129] multiqc                                            [DEBUG  ]  File ignored by rseqc/bam_stat because it exceeded search pattern filesize limit: SRX1643160_trimmed_fastqc.html
[2023-03-06 14:31:16,129] multiqc                                            [DEBUG  ]  File ignored by rseqc/junction_annotation because it exceeded search pattern filesize limit: SRX1643160_trimmed_fastqc.html
[2023-03-06 14:31:16,129] multiqc                                            [DEBUG  ]  File ignored by rseqc/read_distribution because it exceeded search pattern filesize limit: SRX1643160_trimmed_fastqc.html
[2023-03-06 14:31:16,130] multiqc                                            [DEBUG  ]  File ignored by rseqc/infer_experiment because it exceeded search pattern filesize limit: SRX1643160_trimmed_fastqc.html
[2023-03-06 14:31:16,132] multiqc                                            [DEBUG  ]  File ignored by rseqc/bam_stat because it exceeded search pattern filesize limit: SRX1643625_trimmed_fastqc.html
[2023-03-06 14:31:16,132] multiqc                                            [DEBUG  ]  File ignored by rseqc/junction_annotation because it exceeded search pattern filesize limit: SRX1643625_trimmed_fastqc.html
[2023-03-06 14:31:16,132] multiqc                                            [DEBUG  ]  File ignored by rseqc/read_distribution because it exceeded search pattern filesize limit: SRX1643625_trimmed_fastqc.html
[2023-03-06 14:31:16,132] multiqc                                            [DEBUG  ]  File ignored by rseqc/infer_experiment because it exceeded search pattern filesize limit: SRX1643625_trimmed_fastqc.html
[2023-03-06 14:31:16,134] multiqc                                            [DEBUG  ]  File ignored by rseqc/bam_stat because it exceeded search pattern filesize limit: SRX347145_val_1_fastqc.html
[2023-03-06 14:31:16,134] multiqc                                            [DEBUG  ]  File ignored by rseqc/junction_annotation because it exceeded search pattern filesize limit: SRX347145_val_1_fastqc.html
[2023-03-06 14:31:16,134] multiqc                                            [DEBUG  ]  File ignored by rseqc/read_distribution because it exceeded search pattern filesize limit: SRX347145_val_1_fastqc.html
[2023-03-06 14:31:16,134] multiqc                                            [DEBUG  ]  File ignored by rseqc/infer_experiment because it exceeded search pattern filesize limit: SRX347145_val_1_fastqc.html
[2023-03-06 14:31:16,136] multiqc                                            [DEBUG  ]  File ignored by rseqc/bam_stat because it exceeded search pattern filesize limit: SRX347149_val_2_fastqc.html
[2023-03-06 14:31:16,136] multiqc                                            [DEBUG  ]  File ignored by rseqc/junction_annotation because it exceeded search pattern filesize limit: SRX347149_val_2_fastqc.html
[2023-03-06 14:31:16,136] multiqc                                            [DEBUG  ]  File ignored by rseqc/read_distribution because it exceeded search pattern filesize limit: SRX347149_val_2_fastqc.html
[2023-03-06 14:31:16,136] multiqc                                            [DEBUG  ]  File ignored by rseqc/infer_experiment because it exceeded search pattern filesize limit: SRX347149_val_2_fastqc.html
[2023-03-06 14:31:16,138] multiqc                                            [DEBUG  ]  File ignored by rseqc/bam_stat because it exceeded search pattern filesize limit: SRX347148_val_2_fastqc.html
[2023-03-06 14:31:16,138] multiqc                                            [DEBUG  ]  File ignored by rseqc/junction_annotation because it exceeded search pattern filesize limit: SRX347148_val_2_fastqc.html
[2023-03-06 14:31:16,138] multiqc                                            [DEBUG  ]  File ignored by rseqc/read_distribution because it exceeded search pattern filesize limit: SRX347148_val_2_fastqc.html
[2023-03-06 14:31:16,138] multiqc                                            [DEBUG  ]  File ignored by rseqc/infer_experiment because it exceeded search pattern filesize limit: SRX347148_val_2_fastqc.html
[2023-03-06 14:31:16,139] multiqc                                            [DEBUG  ]  File ignored by rseqc/bam_stat because it exceeded search pattern filesize limit: SRX347146_val_1_fastqc.html
[2023-03-06 14:31:16,139] multiqc                                            [DEBUG  ]  File ignored by rseqc/junction_annotation because it exceeded search pattern filesize limit: SRX347146_val_1_fastqc.html
[2023-03-06 14:31:16,139] multiqc                                            [DEBUG  ]  File ignored by rseqc/read_distribution because it exceeded search pattern filesize limit: SRX347146_val_1_fastqc.html
[2023-03-06 14:31:16,139] multiqc                                            [DEBUG  ]  File ignored by rseqc/infer_experiment because it exceeded search pattern filesize limit: SRX347146_val_1_fastqc.html
[2023-03-06 14:31:16,141] multiqc                                            [DEBUG  ]  File ignored by rseqc/bam_stat because it exceeded search pattern filesize limit: SRX347150_val_1_fastqc.html
[2023-03-06 14:31:16,141] multiqc                                            [DEBUG  ]  File ignored by rseqc/junction_annotation because it exceeded search pattern filesize limit: SRX347150_val_1_fastqc.html
[2023-03-06 14:31:16,141] multiqc                                            [DEBUG  ]  File ignored by rseqc/read_distribution because it exceeded search pattern filesize limit: SRX347150_val_1_fastqc.html
[2023-03-06 14:31:16,141] multiqc                                            [DEBUG  ]  File ignored by rseqc/infer_experiment because it exceeded search pattern filesize limit: SRX347150_val_1_fastqc.html
[2023-03-06 14:31:16,143] multiqc                                            [DEBUG  ]  File ignored by rseqc/bam_stat because it exceeded search pattern filesize limit: SRX347147_val_2_fastqc.html
[2023-03-06 14:31:16,143] multiqc                                            [DEBUG  ]  File ignored by rseqc/junction_annotation because it exceeded search pattern filesize limit: SRX347147_val_2_fastqc.html
[2023-03-06 14:31:16,143] multiqc                                            [DEBUG  ]  File ignored by rseqc/read_distribution because it exceeded search pattern filesize limit: SRX347147_val_2_fastqc.html
[2023-03-06 14:31:16,143] multiqc                                            [DEBUG  ]  File ignored by rseqc/infer_experiment because it exceeded search pattern filesize limit: SRX347147_val_2_fastqc.html
[2023-03-06 14:31:16,145] multiqc                                            [DEBUG  ]  File ignored by rseqc/bam_stat because it exceeded search pattern filesize limit: SRX1643582_trimmed_fastqc.html
[2023-03-06 14:31:16,145] multiqc                                            [DEBUG  ]  File ignored by rseqc/junction_annotation because it exceeded search pattern filesize limit: SRX1643582_trimmed_fastqc.html
[2023-03-06 14:31:16,145] multiqc                                            [DEBUG  ]  File ignored by rseqc/read_distribution because it exceeded search pattern filesize limit: SRX1643582_trimmed_fastqc.html
[2023-03-06 14:31:16,145] multiqc                                            [DEBUG  ]  File ignored by rseqc/infer_experiment because it exceeded search pattern filesize limit: SRX1643582_trimmed_fastqc.html
[2023-03-06 14:31:16,148] multiqc                                            [DEBUG  ]  File ignored by rseqc/bam_stat because it exceeded search pattern filesize limit: SRX1643581_trimmed_fastqc.html
[2023-03-06 14:31:16,148] multiqc                                            [DEBUG  ]  File ignored by rseqc/junction_annotation because it exceeded search pattern filesize limit: SRX1643581_trimmed_fastqc.html
[2023-03-06 14:31:16,148] multiqc                                            [DEBUG  ]  File ignored by rseqc/read_distribution because it exceeded search pattern filesize limit: SRX1643581_trimmed_fastqc.html
[2023-03-06 14:31:16,148] multiqc                                            [DEBUG  ]  File ignored by rseqc/infer_experiment because it exceeded search pattern filesize limit: SRX1643581_trimmed_fastqc.html
[2023-03-06 14:31:16,150] multiqc                                            [DEBUG  ]  File ignored by rseqc/bam_stat because it exceeded search pattern filesize limit: SRX347150_val_2_fastqc.html
[2023-03-06 14:31:16,150] multiqc                                            [DEBUG  ]  File ignored by rseqc/junction_annotation because it exceeded search pattern filesize limit: SRX347150_val_2_fastqc.html
[2023-03-06 14:31:16,150] multiqc                                            [DEBUG  ]  File ignored by rseqc/read_distribution because it exceeded search pattern filesize limit: SRX347150_val_2_fastqc.html
[2023-03-06 14:31:16,150] multiqc                                            [DEBUG  ]  File ignored by rseqc/infer_experiment because it exceeded search pattern filesize limit: SRX347150_val_2_fastqc.html
[2023-03-06 14:31:16,152] multiqc                                            [DEBUG  ]  File ignored by rseqc/bam_stat because it exceeded search pattern filesize limit: SRX1643627_trimmed_fastqc.html
[2023-03-06 14:31:16,152] multiqc                                            [DEBUG  ]  File ignored by rseqc/junction_annotation because it exceeded search pattern filesize limit: SRX1643627_trimmed_fastqc.html
[2023-03-06 14:31:16,152] multiqc                                            [DEBUG  ]  File ignored by rseqc/read_distribution because it exceeded search pattern filesize limit: SRX1643627_trimmed_fastqc.html
[2023-03-06 14:31:16,152] multiqc                                            [DEBUG  ]  File ignored by rseqc/infer_experiment because it exceeded search pattern filesize limit: SRX1643627_trimmed_fastqc.html
[2023-03-06 14:31:16,154] multiqc                                            [DEBUG  ]  File ignored by rseqc/bam_stat because it exceeded search pattern filesize limit: SRX347145_val_2_fastqc.html
[2023-03-06 14:31:16,155] multiqc                                            [DEBUG  ]  File ignored by rseqc/junction_annotation because it exceeded search pattern filesize limit: SRX347145_val_2_fastqc.html
[2023-03-06 14:31:16,155] multiqc                                            [DEBUG  ]  File ignored by rseqc/read_distribution because it exceeded search pattern filesize limit: SRX347145_val_2_fastqc.html
[2023-03-06 14:31:16,155] multiqc                                            [DEBUG  ]  File ignored by rseqc/infer_experiment because it exceeded search pattern filesize limit: SRX347145_val_2_fastqc.html
[2023-03-06 14:31:16,156] multiqc                                            [DEBUG  ]  File ignored by rseqc/bam_stat because it exceeded search pattern filesize limit: SRX347148_val_1_fastqc.html
[2023-03-06 14:31:16,156] multiqc                                            [DEBUG  ]  File ignored by rseqc/junction_annotation because it exceeded search pattern filesize limit: SRX347148_val_1_fastqc.html
[2023-03-06 14:31:16,156] multiqc                                            [DEBUG  ]  File ignored by rseqc/read_distribution because it exceeded search pattern filesize limit: SRX347148_val_1_fastqc.html
[2023-03-06 14:31:16,156] multiqc                                            [DEBUG  ]  File ignored by rseqc/infer_experiment because it exceeded search pattern filesize limit: SRX347148_val_1_fastqc.html
[2023-03-06 14:31:16,158] multiqc                                            [DEBUG  ]  File ignored by rseqc/bam_stat because it exceeded search pattern filesize limit: SRX347147_val_1_fastqc.html
[2023-03-06 14:31:16,158] multiqc                                            [DEBUG  ]  File ignored by rseqc/junction_annotation because it exceeded search pattern filesize limit: SRX347147_val_1_fastqc.html
[2023-03-06 14:31:16,158] multiqc                                            [DEBUG  ]  File ignored by rseqc/read_distribution because it exceeded search pattern filesize limit: SRX347147_val_1_fastqc.html
[2023-03-06 14:31:16,158] multiqc                                            [DEBUG  ]  File ignored by rseqc/infer_experiment because it exceeded search pattern filesize limit: SRX347147_val_1_fastqc.html
[2023-03-06 14:31:16,160] multiqc                                            [DEBUG  ]  File ignored by rseqc/bam_stat because it exceeded search pattern filesize limit: SRX1643626_trimmed_fastqc.html
[2023-03-06 14:31:16,160] multiqc                                            [DEBUG  ]  File ignored by rseqc/junction_annotation because it exceeded search pattern filesize limit: SRX1643626_trimmed_fastqc.html
[2023-03-06 14:31:16,160] multiqc                                            [DEBUG  ]  File ignored by rseqc/read_distribution because it exceeded search pattern filesize limit: SRX1643626_trimmed_fastqc.html
[2023-03-06 14:31:16,160] multiqc                                            [DEBUG  ]  File ignored by rseqc/infer_experiment because it exceeded search pattern filesize limit: SRX1643626_trimmed_fastqc.html
[2023-03-06 14:31:16,489] multiqc.plots.bargraph                             [DEBUG  ]  Using matplotlib version 3.4.2
[2023-03-06 14:31:16,507] multiqc.modules.featureCounts.feature_counts       [INFO   ]  Found 12 reports
[2023-03-06 14:31:16,514] multiqc.modules.bowtie1.bowtie1                    [INFO   ]  Found 12 reports
[2023-03-06 14:31:16,521] multiqc.modules.rseqc.rseqc                        [INFO   ]  Found 12 infer_experiment reports
[2023-03-06 14:31:16,524] multiqc.plots.linegraph                            [DEBUG  ]  Using matplotlib version 3.4.2
[2023-03-06 14:31:16,533] multiqc.modules.cutadapt.cutadapt                  [DEBUG  ]  Duplicate sample name found! Overwriting: SRX347150
[2023-03-06 14:31:16,534] multiqc.modules.cutadapt.cutadapt                  [DEBUG  ]  Duplicate sample name found! Overwriting: SRX347146
[2023-03-06 14:31:16,539] multiqc.modules.cutadapt.cutadapt                  [DEBUG  ]  Duplicate sample name found! Overwriting: SRX347149
[2023-03-06 14:31:16,540] multiqc.modules.cutadapt.cutadapt                  [DEBUG  ]  Duplicate sample name found! Overwriting: SRX347147
[2023-03-06 14:31:16,541] multiqc.modules.cutadapt.cutadapt                  [DEBUG  ]  Duplicate sample name found! Overwriting: SRX347148
[2023-03-06 14:31:16,543] multiqc.modules.cutadapt.cutadapt                  [DEBUG  ]  Duplicate sample name found! Overwriting: SRX347145
[2023-03-06 14:31:16,544] multiqc.modules.cutadapt.cutadapt                  [INFO   ]  Found 12 reports
[2023-03-06 14:31:16,562] multiqc.modules.fastqc.fastqc                      [DEBUG  ]  Duplicate sample name found! Overwriting: SRX347149
[2023-03-06 14:31:16,567] multiqc.modules.fastqc.fastqc                      [DEBUG  ]  Duplicate sample name found! Overwriting: SRX347147
[2023-03-06 14:31:16,574] multiqc.modules.fastqc.fastqc                      [DEBUG  ]  Duplicate sample name found! Overwriting: SRX347146
[2023-03-06 14:31:16,575] multiqc.modules.fastqc.fastqc                      [DEBUG  ]  Duplicate sample name found! Overwriting: SRX347150
[2023-03-06 14:31:16,578] multiqc.modules.fastqc.fastqc                      [DEBUG  ]  Duplicate sample name found! Overwriting: SRX347148
[2023-03-06 14:31:16,579] multiqc.modules.fastqc.fastqc                      [DEBUG  ]  Duplicate sample name found! Overwriting: SRX347145
[2023-03-06 14:31:16,580] multiqc.modules.fastqc.fastqc                      [INFO   ]  Found 12 reports
[2023-03-06 14:31:16,694] multiqc                                            [INFO   ]  Compressing plot data
[2023-03-06 14:31:16,857] multiqc                                            [INFO   ]  Report      : multiqc_report.html
[2023-03-06 14:31:16,857] multiqc                                            [INFO   ]  Data        : multiqc_data
[2023-03-06 14:31:16,857] multiqc                                            [DEBUG  ]  Moving data file from '/tmp/tmplktbpt7w/multiqc_data' to '/home/alvaro/github/CYANICA/work/63/4f730fbb4b1f5f98b8e52191f4ce14/multiqc_data'
[2023-03-06 14:31:16,926] multiqc                                            [INFO   ]  MultiQC complete
