[2023-03-06 16:44:28,310] multiqc                                            [DEBUG  ]  This is MultiQC v1.11
[2023-03-06 16:44:28,310] multiqc                                            [DEBUG  ]  No MultiQC config found: /usr/local/lib/python3.9/site-packages/multiqc_config.yaml
[2023-03-06 16:44:28,310] multiqc                                            [DEBUG  ]  No MultiQC config found: /.multiqc_config.yaml
[2023-03-06 16:44:28,313] multiqc                                            [DEBUG  ]  Loading config settings from: multiqc_config.yaml
[2023-03-06 16:44:28,313] multiqc                                            [DEBUG  ]  New config 'title': Modulome
[2023-03-06 16:44:28,313] multiqc                                            [DEBUG  ]  New config 'subtitle': Analysis of public microbial RNA-seq data
[2023-03-06 16:44:28,313] multiqc                                            [DEBUG  ]  New config 'report_header_info': [{'Contact E-mail': 'avsastry@ucsd.edu'}, {'Application Type': 'Microbial RNA-seq Analysis'}]
[2023-03-06 16:44:28,313] multiqc                                            [DEBUG  ]  New config 'custom_logo': None
[2023-03-06 16:44:28,313] multiqc                                            [DEBUG  ]  New config 'custom_logo_url': None
[2023-03-06 16:44:28,313] multiqc                                            [DEBUG  ]  New config 'custom_logo_title': None
[2023-03-06 16:44:28,313] multiqc                                            [DEBUG  ]  New config 'custom_content': {'order': []}
[2023-03-06 16:44:28,313] multiqc                                            [DEBUG  ]  Added to filename clean extensions: ['val_1', '_val_2', '_1.fastq', '_2.fastq', '.infer_experiment', '_bowtie.txt', '_all.txt.summary']
[2023-03-06 16:44:28,313] multiqc                                            [DEBUG  ]  New config 'rseqc_sections': ['infer_experiment']
[2023-03-06 16:44:28,314] multiqc                                            [DEBUG  ]  New config 'run_modules': ['featureCounts', 'bowtie1', 'rseqc', 'cutadapt', 'fastqc']
[2023-03-06 16:44:28,314] multiqc                                            [DEBUG  ]  New config 'top_modules': []
[2023-03-06 16:44:28,314] multiqc                                            [DEBUG  ]  New config 'module_order': ['featureCounts', 'bowtie1', 'rseqc', 'cutadapt', 'fastqc']
[2023-03-06 16:44:28,316] multiqc                                            [DEBUG  ]  Loading config settings from: multiqc_config.yaml
[2023-03-06 16:44:28,316] multiqc                                            [DEBUG  ]  New config 'title': Modulome
[2023-03-06 16:44:28,316] multiqc                                            [DEBUG  ]  New config 'subtitle': Analysis of public microbial RNA-seq data
[2023-03-06 16:44:28,316] multiqc                                            [DEBUG  ]  New config 'report_header_info': [{'Contact E-mail': 'avsastry@ucsd.edu'}, {'Application Type': 'Microbial RNA-seq Analysis'}]
[2023-03-06 16:44:28,316] multiqc                                            [DEBUG  ]  New config 'custom_logo': None
[2023-03-06 16:44:28,316] multiqc                                            [DEBUG  ]  New config 'custom_logo_url': None
[2023-03-06 16:44:28,316] multiqc                                            [DEBUG  ]  New config 'custom_logo_title': None
[2023-03-06 16:44:28,316] multiqc                                            [DEBUG  ]  New config 'custom_content': {'order': []}
[2023-03-06 16:44:28,316] multiqc                                            [DEBUG  ]  Added to filename clean extensions: ['val_1', '_val_2', '_1.fastq', '_2.fastq', '.infer_experiment', '_bowtie.txt', '_all.txt.summary']
[2023-03-06 16:44:28,316] multiqc                                            [DEBUG  ]  New config 'rseqc_sections': ['infer_experiment']
[2023-03-06 16:44:28,317] multiqc                                            [DEBUG  ]  New config 'run_modules': ['featureCounts', 'bowtie1', 'rseqc', 'cutadapt', 'fastqc']
[2023-03-06 16:44:28,317] multiqc                                            [DEBUG  ]  New config 'top_modules': []
[2023-03-06 16:44:28,317] multiqc                                            [DEBUG  ]  New config 'module_order': ['featureCounts', 'bowtie1', 'rseqc', 'cutadapt', 'fastqc']
[2023-03-06 16:44:28,317] multiqc                                            [DEBUG  ]  Command used: /usr/local/bin/multiqc -f -c multiqc_config.yaml .
[2023-03-06 16:44:28,786] multiqc                                            [WARNING]  MultiQC Version v1.14 now available!
[2023-03-06 16:44:28,786] multiqc                                            [DEBUG  ]  Command     : /usr/local/bin/multiqc -f -c multiqc_config.yaml .
[2023-03-06 16:44:28,786] multiqc                                            [DEBUG  ]  Working dir : /home/alvaro/github/CYANICA/work/51/ccad5180022b1d55304f4d3e8c3a3f
[2023-03-06 16:44:28,786] multiqc                                            [DEBUG  ]  Template    : default
[2023-03-06 16:44:28,786] multiqc                                            [DEBUG  ]  Running Python 3.9.5 | packaged by conda-forge | (default, Jun 19 2021, 00:32:32)  [GCC 9.3.0]
[2023-03-06 16:44:28,786] multiqc                                            [INFO   ]  Report title: Modulome
[2023-03-06 16:44:28,787] multiqc                                            [INFO   ]  Only using modules: featureCounts, bowtie1, rseqc, cutadapt, fastqc
[2023-03-06 16:44:28,787] multiqc                                            [DEBUG  ]  Analysing modules: featureCounts, bowtie1, rseqc, cutadapt, fastqc
[2023-03-06 16:44:28,787] multiqc                                            [DEBUG  ]  Using temporary directory for creating report: /tmp/tmpm98sy9ob
[2023-03-06 16:44:28,970] multiqc                                            [INFO   ]  Search path : /home/alvaro/github/CYANICA/work/51/ccad5180022b1d55304f4d3e8c3a3f
[2023-03-06 16:44:28,971] multiqc                                            [DEBUG  ]  Ignored 258 search patterns as didn't match running modules.
[2023-03-06 16:44:28,980] multiqc                                            [DEBUG  ]  File ignored by rseqc/bam_stat because it exceeded search pattern filesize limit: ERX5015793_trimmed_fastqc.html
[2023-03-06 16:44:28,980] multiqc                                            [DEBUG  ]  File ignored by rseqc/junction_annotation because it exceeded search pattern filesize limit: ERX5015793_trimmed_fastqc.html
[2023-03-06 16:44:28,980] multiqc                                            [DEBUG  ]  File ignored by rseqc/read_distribution because it exceeded search pattern filesize limit: ERX5015793_trimmed_fastqc.html
[2023-03-06 16:44:28,980] multiqc                                            [DEBUG  ]  File ignored by rseqc/infer_experiment because it exceeded search pattern filesize limit: ERX5015793_trimmed_fastqc.html
[2023-03-06 16:44:28,982] multiqc                                            [DEBUG  ]  File ignored by rseqc/bam_stat because it exceeded search pattern filesize limit: ERX5015791_trimmed_fastqc.html
[2023-03-06 16:44:28,982] multiqc                                            [DEBUG  ]  File ignored by rseqc/junction_annotation because it exceeded search pattern filesize limit: ERX5015791_trimmed_fastqc.html
[2023-03-06 16:44:28,982] multiqc                                            [DEBUG  ]  File ignored by rseqc/read_distribution because it exceeded search pattern filesize limit: ERX5015791_trimmed_fastqc.html
[2023-03-06 16:44:28,982] multiqc                                            [DEBUG  ]  File ignored by rseqc/infer_experiment because it exceeded search pattern filesize limit: ERX5015791_trimmed_fastqc.html
[2023-03-06 16:44:28,983] multiqc                                            [DEBUG  ]  File ignored by rseqc/bam_stat because it exceeded search pattern filesize limit: ERX5015787_trimmed_fastqc.html
[2023-03-06 16:44:28,983] multiqc                                            [DEBUG  ]  File ignored by rseqc/junction_annotation because it exceeded search pattern filesize limit: ERX5015787_trimmed_fastqc.html
[2023-03-06 16:44:28,983] multiqc                                            [DEBUG  ]  File ignored by rseqc/read_distribution because it exceeded search pattern filesize limit: ERX5015787_trimmed_fastqc.html
[2023-03-06 16:44:28,983] multiqc                                            [DEBUG  ]  File ignored by rseqc/infer_experiment because it exceeded search pattern filesize limit: ERX5015787_trimmed_fastqc.html
[2023-03-06 16:44:28,985] multiqc                                            [DEBUG  ]  File ignored by rseqc/bam_stat because it exceeded search pattern filesize limit: ERX5015786_trimmed_fastqc.html
[2023-03-06 16:44:28,985] multiqc                                            [DEBUG  ]  File ignored by rseqc/junction_annotation because it exceeded search pattern filesize limit: ERX5015786_trimmed_fastqc.html
[2023-03-06 16:44:28,985] multiqc                                            [DEBUG  ]  File ignored by rseqc/read_distribution because it exceeded search pattern filesize limit: ERX5015786_trimmed_fastqc.html
[2023-03-06 16:44:28,985] multiqc                                            [DEBUG  ]  File ignored by rseqc/infer_experiment because it exceeded search pattern filesize limit: ERX5015786_trimmed_fastqc.html
[2023-03-06 16:44:28,987] multiqc                                            [DEBUG  ]  File ignored by rseqc/bam_stat because it exceeded search pattern filesize limit: ERX5015788_trimmed_fastqc.html
[2023-03-06 16:44:28,987] multiqc                                            [DEBUG  ]  File ignored by rseqc/junction_annotation because it exceeded search pattern filesize limit: ERX5015788_trimmed_fastqc.html
[2023-03-06 16:44:28,987] multiqc                                            [DEBUG  ]  File ignored by rseqc/read_distribution because it exceeded search pattern filesize limit: ERX5015788_trimmed_fastqc.html
[2023-03-06 16:44:28,987] multiqc                                            [DEBUG  ]  File ignored by rseqc/infer_experiment because it exceeded search pattern filesize limit: ERX5015788_trimmed_fastqc.html
[2023-03-06 16:44:28,989] multiqc                                            [DEBUG  ]  File ignored by rseqc/bam_stat because it exceeded search pattern filesize limit: ERX5015785_trimmed_fastqc.html
[2023-03-06 16:44:28,989] multiqc                                            [DEBUG  ]  File ignored by rseqc/junction_annotation because it exceeded search pattern filesize limit: ERX5015785_trimmed_fastqc.html
[2023-03-06 16:44:28,989] multiqc                                            [DEBUG  ]  File ignored by rseqc/read_distribution because it exceeded search pattern filesize limit: ERX5015785_trimmed_fastqc.html
[2023-03-06 16:44:28,989] multiqc                                            [DEBUG  ]  File ignored by rseqc/infer_experiment because it exceeded search pattern filesize limit: ERX5015785_trimmed_fastqc.html
[2023-03-06 16:44:28,990] multiqc                                            [DEBUG  ]  File ignored by rseqc/bam_stat because it exceeded search pattern filesize limit: ERX5015790_trimmed_fastqc.html
[2023-03-06 16:44:28,990] multiqc                                            [DEBUG  ]  File ignored by rseqc/junction_annotation because it exceeded search pattern filesize limit: ERX5015790_trimmed_fastqc.html
[2023-03-06 16:44:28,990] multiqc                                            [DEBUG  ]  File ignored by rseqc/read_distribution because it exceeded search pattern filesize limit: ERX5015790_trimmed_fastqc.html
[2023-03-06 16:44:28,990] multiqc                                            [DEBUG  ]  File ignored by rseqc/infer_experiment because it exceeded search pattern filesize limit: ERX5015790_trimmed_fastqc.html
[2023-03-06 16:44:28,992] multiqc                                            [DEBUG  ]  File ignored by rseqc/bam_stat because it exceeded search pattern filesize limit: ERX5015792_trimmed_fastqc.html
[2023-03-06 16:44:28,992] multiqc                                            [DEBUG  ]  File ignored by rseqc/junction_annotation because it exceeded search pattern filesize limit: ERX5015792_trimmed_fastqc.html
[2023-03-06 16:44:28,992] multiqc                                            [DEBUG  ]  File ignored by rseqc/read_distribution because it exceeded search pattern filesize limit: ERX5015792_trimmed_fastqc.html
[2023-03-06 16:44:28,992] multiqc                                            [DEBUG  ]  File ignored by rseqc/infer_experiment because it exceeded search pattern filesize limit: ERX5015792_trimmed_fastqc.html
[2023-03-06 16:44:28,994] multiqc                                            [DEBUG  ]  File ignored by rseqc/bam_stat because it exceeded search pattern filesize limit: ERX5015789_trimmed_fastqc.html
[2023-03-06 16:44:28,994] multiqc                                            [DEBUG  ]  File ignored by rseqc/junction_annotation because it exceeded search pattern filesize limit: ERX5015789_trimmed_fastqc.html
[2023-03-06 16:44:28,994] multiqc                                            [DEBUG  ]  File ignored by rseqc/read_distribution because it exceeded search pattern filesize limit: ERX5015789_trimmed_fastqc.html
[2023-03-06 16:44:28,994] multiqc                                            [DEBUG  ]  File ignored by rseqc/infer_experiment because it exceeded search pattern filesize limit: ERX5015789_trimmed_fastqc.html
[2023-03-06 16:44:28,995] multiqc                                            [DEBUG  ]  File ignored by rseqc/bam_stat because it exceeded search pattern filesize limit: ERX5015794_trimmed_fastqc.html
[2023-03-06 16:44:28,995] multiqc                                            [DEBUG  ]  File ignored by rseqc/junction_annotation because it exceeded search pattern filesize limit: ERX5015794_trimmed_fastqc.html
[2023-03-06 16:44:28,995] multiqc                                            [DEBUG  ]  File ignored by rseqc/read_distribution because it exceeded search pattern filesize limit: ERX5015794_trimmed_fastqc.html
[2023-03-06 16:44:28,995] multiqc                                            [DEBUG  ]  File ignored by rseqc/infer_experiment because it exceeded search pattern filesize limit: ERX5015794_trimmed_fastqc.html
[2023-03-06 16:44:29,419] multiqc.plots.bargraph                             [DEBUG  ]  Using matplotlib version 3.4.2
[2023-03-06 16:44:29,437] multiqc.modules.featureCounts.feature_counts       [INFO   ]  Found 10 reports
[2023-03-06 16:44:29,444] multiqc.modules.bowtie1.bowtie1                    [INFO   ]  Found 10 reports
[2023-03-06 16:44:29,451] multiqc.modules.rseqc.rseqc                        [INFO   ]  Found 10 infer_experiment reports
[2023-03-06 16:44:29,454] multiqc.plots.linegraph                            [DEBUG  ]  Using matplotlib version 3.4.2
[2023-03-06 16:44:29,463] multiqc.modules.cutadapt.cutadapt                  [INFO   ]  Found 10 reports
[2023-03-06 16:44:29,747] multiqc.modules.fastqc.fastqc                      [INFO   ]  Found 10 reports
[2023-03-06 16:44:29,876] multiqc                                            [INFO   ]  Compressing plot data
[2023-03-06 16:44:29,987] multiqc                                            [INFO   ]  Report      : multiqc_report.html
[2023-03-06 16:44:29,987] multiqc                                            [INFO   ]  Data        : multiqc_data
[2023-03-06 16:44:29,987] multiqc                                            [DEBUG  ]  Moving data file from '/tmp/tmpm98sy9ob/multiqc_data' to '/home/alvaro/github/CYANICA/work/51/ccad5180022b1d55304f4d3e8c3a3f/multiqc_data'
[2023-03-06 16:44:30,110] multiqc                                            [INFO   ]  MultiQC complete
