[2023-03-06 13:53:34,034] multiqc                                            [DEBUG  ]  This is MultiQC v1.11
[2023-03-06 13:53:34,034] multiqc                                            [DEBUG  ]  No MultiQC config found: /usr/local/lib/python3.9/site-packages/multiqc_config.yaml
[2023-03-06 13:53:34,034] multiqc                                            [DEBUG  ]  No MultiQC config found: /.multiqc_config.yaml
[2023-03-06 13:53:34,038] multiqc                                            [DEBUG  ]  Loading config settings from: multiqc_config.yaml
[2023-03-06 13:53:34,038] multiqc                                            [DEBUG  ]  New config 'title': Modulome
[2023-03-06 13:53:34,038] multiqc                                            [DEBUG  ]  New config 'subtitle': Analysis of public microbial RNA-seq data
[2023-03-06 13:53:34,038] multiqc                                            [DEBUG  ]  New config 'report_header_info': [{'Contact E-mail': 'avsastry@ucsd.edu'}, {'Application Type': 'Microbial RNA-seq Analysis'}]
[2023-03-06 13:53:34,038] multiqc                                            [DEBUG  ]  New config 'custom_logo': None
[2023-03-06 13:53:34,038] multiqc                                            [DEBUG  ]  New config 'custom_logo_url': None
[2023-03-06 13:53:34,038] multiqc                                            [DEBUG  ]  New config 'custom_logo_title': None
[2023-03-06 13:53:34,038] multiqc                                            [DEBUG  ]  New config 'custom_content': {'order': []}
[2023-03-06 13:53:34,038] multiqc                                            [DEBUG  ]  Added to filename clean extensions: ['val_1', '_val_2', '_1.fastq', '_2.fastq', '.infer_experiment', '_bowtie.txt', '_all.txt.summary']
[2023-03-06 13:53:34,039] multiqc                                            [DEBUG  ]  New config 'rseqc_sections': ['infer_experiment']
[2023-03-06 13:53:34,039] multiqc                                            [DEBUG  ]  New config 'run_modules': ['featureCounts', 'bowtie1', 'rseqc', 'cutadapt', 'fastqc']
[2023-03-06 13:53:34,039] multiqc                                            [DEBUG  ]  New config 'top_modules': []
[2023-03-06 13:53:34,039] multiqc                                            [DEBUG  ]  New config 'module_order': ['featureCounts', 'bowtie1', 'rseqc', 'cutadapt', 'fastqc']
[2023-03-06 13:53:34,041] multiqc                                            [DEBUG  ]  Loading config settings from: multiqc_config.yaml
[2023-03-06 13:53:34,041] multiqc                                            [DEBUG  ]  New config 'title': Modulome
[2023-03-06 13:53:34,041] multiqc                                            [DEBUG  ]  New config 'subtitle': Analysis of public microbial RNA-seq data
[2023-03-06 13:53:34,041] multiqc                                            [DEBUG  ]  New config 'report_header_info': [{'Contact E-mail': 'avsastry@ucsd.edu'}, {'Application Type': 'Microbial RNA-seq Analysis'}]
[2023-03-06 13:53:34,041] multiqc                                            [DEBUG  ]  New config 'custom_logo': None
[2023-03-06 13:53:34,041] multiqc                                            [DEBUG  ]  New config 'custom_logo_url': None
[2023-03-06 13:53:34,041] multiqc                                            [DEBUG  ]  New config 'custom_logo_title': None
[2023-03-06 13:53:34,041] multiqc                                            [DEBUG  ]  New config 'custom_content': {'order': []}
[2023-03-06 13:53:34,041] multiqc                                            [DEBUG  ]  Added to filename clean extensions: ['val_1', '_val_2', '_1.fastq', '_2.fastq', '.infer_experiment', '_bowtie.txt', '_all.txt.summary']
[2023-03-06 13:53:34,041] multiqc                                            [DEBUG  ]  New config 'rseqc_sections': ['infer_experiment']
[2023-03-06 13:53:34,042] multiqc                                            [DEBUG  ]  New config 'run_modules': ['featureCounts', 'bowtie1', 'rseqc', 'cutadapt', 'fastqc']
[2023-03-06 13:53:34,042] multiqc                                            [DEBUG  ]  New config 'top_modules': []
[2023-03-06 13:53:34,042] multiqc                                            [DEBUG  ]  New config 'module_order': ['featureCounts', 'bowtie1', 'rseqc', 'cutadapt', 'fastqc']
[2023-03-06 13:53:34,042] multiqc                                            [DEBUG  ]  Command used: /usr/local/bin/multiqc -f -c multiqc_config.yaml .
[2023-03-06 13:53:34,297] multiqc                                            [WARNING]  MultiQC Version v1.14 now available!
[2023-03-06 13:53:34,297] multiqc                                            [DEBUG  ]  Command     : /usr/local/bin/multiqc -f -c multiqc_config.yaml .
[2023-03-06 13:53:34,297] multiqc                                            [DEBUG  ]  Working dir : /home/alvaro/github/CYANICA/work/68/e5d34b095acea6be0d22b351eb075a
[2023-03-06 13:53:34,297] multiqc                                            [DEBUG  ]  Template    : default
[2023-03-06 13:53:34,298] multiqc                                            [DEBUG  ]  Running Python 3.9.5 | packaged by conda-forge | (default, Jun 19 2021, 00:32:32)  [GCC 9.3.0]
[2023-03-06 13:53:34,298] multiqc                                            [INFO   ]  Report title: Modulome
[2023-03-06 13:53:34,298] multiqc                                            [INFO   ]  Only using modules: featureCounts, bowtie1, rseqc, cutadapt, fastqc
[2023-03-06 13:53:34,298] multiqc                                            [DEBUG  ]  Analysing modules: featureCounts, bowtie1, rseqc, cutadapt, fastqc
[2023-03-06 13:53:34,298] multiqc                                            [DEBUG  ]  Using temporary directory for creating report: /tmp/tmp728el1jy
[2023-03-06 13:53:34,354] multiqc                                            [INFO   ]  Search path : /home/alvaro/github/CYANICA/work/68/e5d34b095acea6be0d22b351eb075a
[2023-03-06 13:53:34,354] multiqc                                            [DEBUG  ]  Ignored 258 search patterns as didn't match running modules.
[2023-03-06 13:53:34,365] multiqc                                            [DEBUG  ]  File ignored by rseqc/bam_stat because it exceeded search pattern filesize limit: SRX14927071_trimmed_fastqc.html
[2023-03-06 13:53:34,365] multiqc                                            [DEBUG  ]  File ignored by rseqc/junction_annotation because it exceeded search pattern filesize limit: SRX14927071_trimmed_fastqc.html
[2023-03-06 13:53:34,365] multiqc                                            [DEBUG  ]  File ignored by rseqc/read_distribution because it exceeded search pattern filesize limit: SRX14927071_trimmed_fastqc.html
[2023-03-06 13:53:34,365] multiqc                                            [DEBUG  ]  File ignored by rseqc/infer_experiment because it exceeded search pattern filesize limit: SRX14927071_trimmed_fastqc.html
[2023-03-06 13:53:34,367] multiqc                                            [DEBUG  ]  File ignored by rseqc/bam_stat because it exceeded search pattern filesize limit: SRX14927069_trimmed_fastqc.html
[2023-03-06 13:53:34,367] multiqc                                            [DEBUG  ]  File ignored by rseqc/junction_annotation because it exceeded search pattern filesize limit: SRX14927069_trimmed_fastqc.html
[2023-03-06 13:53:34,367] multiqc                                            [DEBUG  ]  File ignored by rseqc/read_distribution because it exceeded search pattern filesize limit: SRX14927069_trimmed_fastqc.html
[2023-03-06 13:53:34,367] multiqc                                            [DEBUG  ]  File ignored by rseqc/infer_experiment because it exceeded search pattern filesize limit: SRX14927069_trimmed_fastqc.html
[2023-03-06 13:53:34,369] multiqc                                            [DEBUG  ]  File ignored by rseqc/bam_stat because it exceeded search pattern filesize limit: SRX14927075_trimmed_fastqc.html
[2023-03-06 13:53:34,369] multiqc                                            [DEBUG  ]  File ignored by rseqc/junction_annotation because it exceeded search pattern filesize limit: SRX14927075_trimmed_fastqc.html
[2023-03-06 13:53:34,369] multiqc                                            [DEBUG  ]  File ignored by rseqc/read_distribution because it exceeded search pattern filesize limit: SRX14927075_trimmed_fastqc.html
[2023-03-06 13:53:34,369] multiqc                                            [DEBUG  ]  File ignored by rseqc/infer_experiment because it exceeded search pattern filesize limit: SRX14927075_trimmed_fastqc.html
[2023-03-06 13:53:34,370] multiqc                                            [DEBUG  ]  File ignored by rseqc/bam_stat because it exceeded search pattern filesize limit: SRX14927077_trimmed_fastqc.html
[2023-03-06 13:53:34,370] multiqc                                            [DEBUG  ]  File ignored by rseqc/junction_annotation because it exceeded search pattern filesize limit: SRX14927077_trimmed_fastqc.html
[2023-03-06 13:53:34,370] multiqc                                            [DEBUG  ]  File ignored by rseqc/read_distribution because it exceeded search pattern filesize limit: SRX14927077_trimmed_fastqc.html
[2023-03-06 13:53:34,370] multiqc                                            [DEBUG  ]  File ignored by rseqc/infer_experiment because it exceeded search pattern filesize limit: SRX14927077_trimmed_fastqc.html
[2023-03-06 13:53:34,372] multiqc                                            [DEBUG  ]  File ignored by rseqc/bam_stat because it exceeded search pattern filesize limit: SRX14927073_trimmed_fastqc.html
[2023-03-06 13:53:34,372] multiqc                                            [DEBUG  ]  File ignored by rseqc/junction_annotation because it exceeded search pattern filesize limit: SRX14927073_trimmed_fastqc.html
[2023-03-06 13:53:34,372] multiqc                                            [DEBUG  ]  File ignored by rseqc/read_distribution because it exceeded search pattern filesize limit: SRX14927073_trimmed_fastqc.html
[2023-03-06 13:53:34,372] multiqc                                            [DEBUG  ]  File ignored by rseqc/infer_experiment because it exceeded search pattern filesize limit: SRX14927073_trimmed_fastqc.html
[2023-03-06 13:53:34,374] multiqc                                            [DEBUG  ]  File ignored by rseqc/bam_stat because it exceeded search pattern filesize limit: SRX14927076_trimmed_fastqc.html
[2023-03-06 13:53:34,374] multiqc                                            [DEBUG  ]  File ignored by rseqc/junction_annotation because it exceeded search pattern filesize limit: SRX14927076_trimmed_fastqc.html
[2023-03-06 13:53:34,374] multiqc                                            [DEBUG  ]  File ignored by rseqc/read_distribution because it exceeded search pattern filesize limit: SRX14927076_trimmed_fastqc.html
[2023-03-06 13:53:34,374] multiqc                                            [DEBUG  ]  File ignored by rseqc/infer_experiment because it exceeded search pattern filesize limit: SRX14927076_trimmed_fastqc.html
[2023-03-06 13:53:34,376] multiqc                                            [DEBUG  ]  File ignored by rseqc/bam_stat because it exceeded search pattern filesize limit: SRX14927074_trimmed_fastqc.html
[2023-03-06 13:53:34,376] multiqc                                            [DEBUG  ]  File ignored by rseqc/junction_annotation because it exceeded search pattern filesize limit: SRX14927074_trimmed_fastqc.html
[2023-03-06 13:53:34,376] multiqc                                            [DEBUG  ]  File ignored by rseqc/read_distribution because it exceeded search pattern filesize limit: SRX14927074_trimmed_fastqc.html
[2023-03-06 13:53:34,376] multiqc                                            [DEBUG  ]  File ignored by rseqc/infer_experiment because it exceeded search pattern filesize limit: SRX14927074_trimmed_fastqc.html
[2023-03-06 13:53:34,378] multiqc                                            [DEBUG  ]  File ignored by rseqc/bam_stat because it exceeded search pattern filesize limit: SRX14927072_trimmed_fastqc.html
[2023-03-06 13:53:34,378] multiqc                                            [DEBUG  ]  File ignored by rseqc/junction_annotation because it exceeded search pattern filesize limit: SRX14927072_trimmed_fastqc.html
[2023-03-06 13:53:34,378] multiqc                                            [DEBUG  ]  File ignored by rseqc/read_distribution because it exceeded search pattern filesize limit: SRX14927072_trimmed_fastqc.html
[2023-03-06 13:53:34,378] multiqc                                            [DEBUG  ]  File ignored by rseqc/infer_experiment because it exceeded search pattern filesize limit: SRX14927072_trimmed_fastqc.html
[2023-03-06 13:53:34,380] multiqc                                            [DEBUG  ]  File ignored by rseqc/bam_stat because it exceeded search pattern filesize limit: SRX14927070_trimmed_fastqc.html
[2023-03-06 13:53:34,380] multiqc                                            [DEBUG  ]  File ignored by rseqc/junction_annotation because it exceeded search pattern filesize limit: SRX14927070_trimmed_fastqc.html
[2023-03-06 13:53:34,380] multiqc                                            [DEBUG  ]  File ignored by rseqc/read_distribution because it exceeded search pattern filesize limit: SRX14927070_trimmed_fastqc.html
[2023-03-06 13:53:34,380] multiqc                                            [DEBUG  ]  File ignored by rseqc/infer_experiment because it exceeded search pattern filesize limit: SRX14927070_trimmed_fastqc.html
[2023-03-06 13:53:34,746] multiqc.plots.bargraph                             [DEBUG  ]  Using matplotlib version 3.4.2
[2023-03-06 13:53:34,765] multiqc.modules.featureCounts.feature_counts       [INFO   ]  Found 9 reports
[2023-03-06 13:53:34,772] multiqc.modules.bowtie1.bowtie1                    [INFO   ]  Found 9 reports
[2023-03-06 13:53:34,781] multiqc.modules.rseqc.rseqc                        [INFO   ]  Found 9 infer_experiment reports
[2023-03-06 13:53:34,784] multiqc.plots.linegraph                            [DEBUG  ]  Using matplotlib version 3.4.2
[2023-03-06 13:53:34,794] multiqc.modules.cutadapt.cutadapt                  [INFO   ]  Found 9 reports
[2023-03-06 13:53:34,815] multiqc.modules.fastqc.fastqc                      [INFO   ]  Found 9 reports
[2023-03-06 13:53:34,930] multiqc                                            [INFO   ]  Compressing plot data
[2023-03-06 13:53:35,054] multiqc                                            [INFO   ]  Report      : multiqc_report.html
[2023-03-06 13:53:35,054] multiqc                                            [INFO   ]  Data        : multiqc_data
[2023-03-06 13:53:35,054] multiqc                                            [DEBUG  ]  Moving data file from '/tmp/tmp728el1jy/multiqc_data' to '/home/alvaro/github/CYANICA/work/68/e5d34b095acea6be0d22b351eb075a/multiqc_data'
[2023-03-06 13:53:35,125] multiqc                                            [INFO   ]  MultiQC complete
