[2023-02-27 17:59:20,099] multiqc                                            [DEBUG  ]  This is MultiQC v1.11
[2023-02-27 17:59:20,099] multiqc                                            [DEBUG  ]  No MultiQC config found: /usr/local/lib/python3.9/site-packages/multiqc_config.yaml
[2023-02-27 17:59:20,099] multiqc                                            [DEBUG  ]  No MultiQC config found: /.multiqc_config.yaml
[2023-02-27 17:59:20,102] multiqc                                            [DEBUG  ]  Loading config settings from: multiqc_config.yaml
[2023-02-27 17:59:20,102] multiqc                                            [DEBUG  ]  New config 'title': Modulome
[2023-02-27 17:59:20,102] multiqc                                            [DEBUG  ]  New config 'subtitle': Analysis of public microbial RNA-seq data
[2023-02-27 17:59:20,102] multiqc                                            [DEBUG  ]  New config 'report_header_info': [{'Contact E-mail': 'avsastry@ucsd.edu'}, {'Application Type': 'Microbial RNA-seq Analysis'}]
[2023-02-27 17:59:20,102] multiqc                                            [DEBUG  ]  New config 'custom_logo': None
[2023-02-27 17:59:20,102] multiqc                                            [DEBUG  ]  New config 'custom_logo_url': None
[2023-02-27 17:59:20,102] multiqc                                            [DEBUG  ]  New config 'custom_logo_title': None
[2023-02-27 17:59:20,102] multiqc                                            [DEBUG  ]  New config 'custom_content': {'order': []}
[2023-02-27 17:59:20,102] multiqc                                            [DEBUG  ]  Added to filename clean extensions: ['val_1', '_val_2', '_1.fastq', '_2.fastq', '.infer_experiment', '_bowtie.txt', '_all.txt.summary']
[2023-02-27 17:59:20,102] multiqc                                            [DEBUG  ]  New config 'rseqc_sections': ['infer_experiment']
[2023-02-27 17:59:20,102] multiqc                                            [DEBUG  ]  New config 'run_modules': ['featureCounts', 'bowtie1', 'rseqc', 'cutadapt', 'fastqc']
[2023-02-27 17:59:20,102] multiqc                                            [DEBUG  ]  New config 'top_modules': []
[2023-02-27 17:59:20,102] multiqc                                            [DEBUG  ]  New config 'module_order': ['featureCounts', 'bowtie1', 'rseqc', 'cutadapt', 'fastqc']
[2023-02-27 17:59:20,105] multiqc                                            [DEBUG  ]  Loading config settings from: multiqc_config.yaml
[2023-02-27 17:59:20,105] multiqc                                            [DEBUG  ]  New config 'title': Modulome
[2023-02-27 17:59:20,105] multiqc                                            [DEBUG  ]  New config 'subtitle': Analysis of public microbial RNA-seq data
[2023-02-27 17:59:20,105] multiqc                                            [DEBUG  ]  New config 'report_header_info': [{'Contact E-mail': 'avsastry@ucsd.edu'}, {'Application Type': 'Microbial RNA-seq Analysis'}]
[2023-02-27 17:59:20,105] multiqc                                            [DEBUG  ]  New config 'custom_logo': None
[2023-02-27 17:59:20,105] multiqc                                            [DEBUG  ]  New config 'custom_logo_url': None
[2023-02-27 17:59:20,105] multiqc                                            [DEBUG  ]  New config 'custom_logo_title': None
[2023-02-27 17:59:20,105] multiqc                                            [DEBUG  ]  New config 'custom_content': {'order': []}
[2023-02-27 17:59:20,105] multiqc                                            [DEBUG  ]  Added to filename clean extensions: ['val_1', '_val_2', '_1.fastq', '_2.fastq', '.infer_experiment', '_bowtie.txt', '_all.txt.summary']
[2023-02-27 17:59:20,105] multiqc                                            [DEBUG  ]  New config 'rseqc_sections': ['infer_experiment']
[2023-02-27 17:59:20,105] multiqc                                            [DEBUG  ]  New config 'run_modules': ['featureCounts', 'bowtie1', 'rseqc', 'cutadapt', 'fastqc']
[2023-02-27 17:59:20,105] multiqc                                            [DEBUG  ]  New config 'top_modules': []
[2023-02-27 17:59:20,105] multiqc                                            [DEBUG  ]  New config 'module_order': ['featureCounts', 'bowtie1', 'rseqc', 'cutadapt', 'fastqc']
[2023-02-27 17:59:20,105] multiqc                                            [DEBUG  ]  Command used: /usr/local/bin/multiqc -f -c multiqc_config.yaml .
[2023-02-27 17:59:20,542] multiqc                                            [WARNING]  MultiQC Version v1.14 now available!
[2023-02-27 17:59:20,542] multiqc                                            [DEBUG  ]  Command     : /usr/local/bin/multiqc -f -c multiqc_config.yaml .
[2023-02-27 17:59:20,542] multiqc                                            [DEBUG  ]  Working dir : /home/alvaro/github/ica_preprocessing/work/7d/5a2efebedeadead6b1d33d87c24367
[2023-02-27 17:59:20,542] multiqc                                            [DEBUG  ]  Template    : default
[2023-02-27 17:59:20,542] multiqc                                            [DEBUG  ]  Running Python 3.9.5 | packaged by conda-forge | (default, Jun 19 2021, 00:32:32)  [GCC 9.3.0]
[2023-02-27 17:59:20,542] multiqc                                            [INFO   ]  Report title: Modulome
[2023-02-27 17:59:20,543] multiqc                                            [INFO   ]  Only using modules: featureCounts, bowtie1, rseqc, cutadapt, fastqc
[2023-02-27 17:59:20,543] multiqc                                            [DEBUG  ]  Analysing modules: featureCounts, bowtie1, rseqc, cutadapt, fastqc
[2023-02-27 17:59:20,543] multiqc                                            [DEBUG  ]  Using temporary directory for creating report: /tmp/tmpvya1bs6u
[2023-02-27 17:59:20,593] multiqc                                            [INFO   ]  Search path : /home/alvaro/github/ica_preprocessing/work/7d/5a2efebedeadead6b1d33d87c24367
[2023-02-27 17:59:20,593] multiqc                                            [DEBUG  ]  Ignored 258 search patterns as didn't match running modules.
[2023-02-27 17:59:20,605] multiqc                                            [DEBUG  ]  File ignored by rseqc/bam_stat because it exceeded search pattern filesize limit: SRX156372_trimmed_fastqc.html
[2023-02-27 17:59:20,605] multiqc                                            [DEBUG  ]  File ignored by rseqc/junction_annotation because it exceeded search pattern filesize limit: SRX156372_trimmed_fastqc.html
[2023-02-27 17:59:20,605] multiqc                                            [DEBUG  ]  File ignored by rseqc/read_distribution because it exceeded search pattern filesize limit: SRX156372_trimmed_fastqc.html
[2023-02-27 17:59:20,605] multiqc                                            [DEBUG  ]  File ignored by rseqc/infer_experiment because it exceeded search pattern filesize limit: SRX156372_trimmed_fastqc.html
[2023-02-27 17:59:20,607] multiqc                                            [DEBUG  ]  File ignored by rseqc/bam_stat because it exceeded search pattern filesize limit: SRX156368_trimmed_fastqc.html
[2023-02-27 17:59:20,608] multiqc                                            [DEBUG  ]  File ignored by rseqc/junction_annotation because it exceeded search pattern filesize limit: SRX156368_trimmed_fastqc.html
[2023-02-27 17:59:20,608] multiqc                                            [DEBUG  ]  File ignored by rseqc/read_distribution because it exceeded search pattern filesize limit: SRX156368_trimmed_fastqc.html
[2023-02-27 17:59:20,608] multiqc                                            [DEBUG  ]  File ignored by rseqc/infer_experiment because it exceeded search pattern filesize limit: SRX156368_trimmed_fastqc.html
[2023-02-27 17:59:20,610] multiqc                                            [DEBUG  ]  File ignored by rseqc/bam_stat because it exceeded search pattern filesize limit: SRX156375_trimmed_fastqc.html
[2023-02-27 17:59:20,610] multiqc                                            [DEBUG  ]  File ignored by rseqc/junction_annotation because it exceeded search pattern filesize limit: SRX156375_trimmed_fastqc.html
[2023-02-27 17:59:20,610] multiqc                                            [DEBUG  ]  File ignored by rseqc/read_distribution because it exceeded search pattern filesize limit: SRX156375_trimmed_fastqc.html
[2023-02-27 17:59:20,610] multiqc                                            [DEBUG  ]  File ignored by rseqc/infer_experiment because it exceeded search pattern filesize limit: SRX156375_trimmed_fastqc.html
[2023-02-27 17:59:20,612] multiqc                                            [DEBUG  ]  File ignored by rseqc/bam_stat because it exceeded search pattern filesize limit: SRX156377_trimmed_fastqc.html
[2023-02-27 17:59:20,612] multiqc                                            [DEBUG  ]  File ignored by rseqc/junction_annotation because it exceeded search pattern filesize limit: SRX156377_trimmed_fastqc.html
[2023-02-27 17:59:20,613] multiqc                                            [DEBUG  ]  File ignored by rseqc/read_distribution because it exceeded search pattern filesize limit: SRX156377_trimmed_fastqc.html
[2023-02-27 17:59:20,613] multiqc                                            [DEBUG  ]  File ignored by rseqc/infer_experiment because it exceeded search pattern filesize limit: SRX156377_trimmed_fastqc.html
[2023-02-27 17:59:20,615] multiqc                                            [DEBUG  ]  File ignored by rseqc/bam_stat because it exceeded search pattern filesize limit: SRX080710_trimmed_fastqc.html
[2023-02-27 17:59:20,615] multiqc                                            [DEBUG  ]  File ignored by rseqc/junction_annotation because it exceeded search pattern filesize limit: SRX080710_trimmed_fastqc.html
[2023-02-27 17:59:20,615] multiqc                                            [DEBUG  ]  File ignored by rseqc/read_distribution because it exceeded search pattern filesize limit: SRX080710_trimmed_fastqc.html
[2023-02-27 17:59:20,615] multiqc                                            [DEBUG  ]  File ignored by rseqc/infer_experiment because it exceeded search pattern filesize limit: SRX080710_trimmed_fastqc.html
[2023-02-27 17:59:20,617] multiqc                                            [DEBUG  ]  File ignored by rseqc/bam_stat because it exceeded search pattern filesize limit: SRX080711_trimmed_fastqc.html
[2023-02-27 17:59:20,617] multiqc                                            [DEBUG  ]  File ignored by rseqc/junction_annotation because it exceeded search pattern filesize limit: SRX080711_trimmed_fastqc.html
[2023-02-27 17:59:20,617] multiqc                                            [DEBUG  ]  File ignored by rseqc/read_distribution because it exceeded search pattern filesize limit: SRX080711_trimmed_fastqc.html
[2023-02-27 17:59:20,617] multiqc                                            [DEBUG  ]  File ignored by rseqc/infer_experiment because it exceeded search pattern filesize limit: SRX080711_trimmed_fastqc.html
[2023-02-27 17:59:20,619] multiqc                                            [DEBUG  ]  File ignored by rseqc/bam_stat because it exceeded search pattern filesize limit: SRX156371_trimmed_fastqc.html
[2023-02-27 17:59:20,619] multiqc                                            [DEBUG  ]  File ignored by rseqc/junction_annotation because it exceeded search pattern filesize limit: SRX156371_trimmed_fastqc.html
[2023-02-27 17:59:20,619] multiqc                                            [DEBUG  ]  File ignored by rseqc/read_distribution because it exceeded search pattern filesize limit: SRX156371_trimmed_fastqc.html
[2023-02-27 17:59:20,619] multiqc                                            [DEBUG  ]  File ignored by rseqc/infer_experiment because it exceeded search pattern filesize limit: SRX156371_trimmed_fastqc.html
[2023-02-27 17:59:20,621] multiqc                                            [DEBUG  ]  File ignored by rseqc/bam_stat because it exceeded search pattern filesize limit: SRX156378_trimmed_fastqc.html
[2023-02-27 17:59:20,621] multiqc                                            [DEBUG  ]  File ignored by rseqc/junction_annotation because it exceeded search pattern filesize limit: SRX156378_trimmed_fastqc.html
[2023-02-27 17:59:20,621] multiqc                                            [DEBUG  ]  File ignored by rseqc/read_distribution because it exceeded search pattern filesize limit: SRX156378_trimmed_fastqc.html
[2023-02-27 17:59:20,622] multiqc                                            [DEBUG  ]  File ignored by rseqc/infer_experiment because it exceeded search pattern filesize limit: SRX156378_trimmed_fastqc.html
[2023-02-27 17:59:20,624] multiqc                                            [DEBUG  ]  File ignored by rseqc/bam_stat because it exceeded search pattern filesize limit: SRX080708_trimmed_fastqc.html
[2023-02-27 17:59:20,624] multiqc                                            [DEBUG  ]  File ignored by rseqc/junction_annotation because it exceeded search pattern filesize limit: SRX080708_trimmed_fastqc.html
[2023-02-27 17:59:20,624] multiqc                                            [DEBUG  ]  File ignored by rseqc/read_distribution because it exceeded search pattern filesize limit: SRX080708_trimmed_fastqc.html
[2023-02-27 17:59:20,624] multiqc                                            [DEBUG  ]  File ignored by rseqc/infer_experiment because it exceeded search pattern filesize limit: SRX080708_trimmed_fastqc.html
[2023-02-27 17:59:20,626] multiqc                                            [DEBUG  ]  File ignored by rseqc/bam_stat because it exceeded search pattern filesize limit: SRX080709_trimmed_fastqc.html
[2023-02-27 17:59:20,626] multiqc                                            [DEBUG  ]  File ignored by rseqc/junction_annotation because it exceeded search pattern filesize limit: SRX080709_trimmed_fastqc.html
[2023-02-27 17:59:20,626] multiqc                                            [DEBUG  ]  File ignored by rseqc/read_distribution because it exceeded search pattern filesize limit: SRX080709_trimmed_fastqc.html
[2023-02-27 17:59:20,626] multiqc                                            [DEBUG  ]  File ignored by rseqc/infer_experiment because it exceeded search pattern filesize limit: SRX080709_trimmed_fastqc.html
[2023-02-27 17:59:20,628] multiqc                                            [DEBUG  ]  File ignored by rseqc/bam_stat because it exceeded search pattern filesize limit: SRX156370_trimmed_fastqc.html
[2023-02-27 17:59:20,628] multiqc                                            [DEBUG  ]  File ignored by rseqc/junction_annotation because it exceeded search pattern filesize limit: SRX156370_trimmed_fastqc.html
[2023-02-27 17:59:20,628] multiqc                                            [DEBUG  ]  File ignored by rseqc/read_distribution because it exceeded search pattern filesize limit: SRX156370_trimmed_fastqc.html
[2023-02-27 17:59:20,628] multiqc                                            [DEBUG  ]  File ignored by rseqc/infer_experiment because it exceeded search pattern filesize limit: SRX156370_trimmed_fastqc.html
[2023-02-27 17:59:20,630] multiqc                                            [DEBUG  ]  File ignored by rseqc/bam_stat because it exceeded search pattern filesize limit: SRX156379_trimmed_fastqc.html
[2023-02-27 17:59:20,630] multiqc                                            [DEBUG  ]  File ignored by rseqc/junction_annotation because it exceeded search pattern filesize limit: SRX156379_trimmed_fastqc.html
[2023-02-27 17:59:20,631] multiqc                                            [DEBUG  ]  File ignored by rseqc/read_distribution because it exceeded search pattern filesize limit: SRX156379_trimmed_fastqc.html
[2023-02-27 17:59:20,631] multiqc                                            [DEBUG  ]  File ignored by rseqc/infer_experiment because it exceeded search pattern filesize limit: SRX156379_trimmed_fastqc.html
[2023-02-27 17:59:20,633] multiqc                                            [DEBUG  ]  File ignored by rseqc/bam_stat because it exceeded search pattern filesize limit: SRX080705_trimmed_fastqc.html
[2023-02-27 17:59:20,633] multiqc                                            [DEBUG  ]  File ignored by rseqc/junction_annotation because it exceeded search pattern filesize limit: SRX080705_trimmed_fastqc.html
[2023-02-27 17:59:20,633] multiqc                                            [DEBUG  ]  File ignored by rseqc/read_distribution because it exceeded search pattern filesize limit: SRX080705_trimmed_fastqc.html
[2023-02-27 17:59:20,633] multiqc                                            [DEBUG  ]  File ignored by rseqc/infer_experiment because it exceeded search pattern filesize limit: SRX080705_trimmed_fastqc.html
[2023-02-27 17:59:20,635] multiqc                                            [DEBUG  ]  File ignored by rseqc/bam_stat because it exceeded search pattern filesize limit: SRX080704_trimmed_fastqc.html
[2023-02-27 17:59:20,635] multiqc                                            [DEBUG  ]  File ignored by rseqc/junction_annotation because it exceeded search pattern filesize limit: SRX080704_trimmed_fastqc.html
[2023-02-27 17:59:20,635] multiqc                                            [DEBUG  ]  File ignored by rseqc/read_distribution because it exceeded search pattern filesize limit: SRX080704_trimmed_fastqc.html
[2023-02-27 17:59:20,635] multiqc                                            [DEBUG  ]  File ignored by rseqc/infer_experiment because it exceeded search pattern filesize limit: SRX080704_trimmed_fastqc.html
[2023-02-27 17:59:20,637] multiqc                                            [DEBUG  ]  File ignored by rseqc/bam_stat because it exceeded search pattern filesize limit: SRX080707_trimmed_fastqc.html
[2023-02-27 17:59:20,638] multiqc                                            [DEBUG  ]  File ignored by rseqc/junction_annotation because it exceeded search pattern filesize limit: SRX080707_trimmed_fastqc.html
[2023-02-27 17:59:20,638] multiqc                                            [DEBUG  ]  File ignored by rseqc/read_distribution because it exceeded search pattern filesize limit: SRX080707_trimmed_fastqc.html
[2023-02-27 17:59:20,638] multiqc                                            [DEBUG  ]  File ignored by rseqc/infer_experiment because it exceeded search pattern filesize limit: SRX080707_trimmed_fastqc.html
[2023-02-27 17:59:20,640] multiqc                                            [DEBUG  ]  File ignored by rseqc/bam_stat because it exceeded search pattern filesize limit: SRX080712_trimmed_fastqc.html
[2023-02-27 17:59:20,640] multiqc                                            [DEBUG  ]  File ignored by rseqc/junction_annotation because it exceeded search pattern filesize limit: SRX080712_trimmed_fastqc.html
[2023-02-27 17:59:20,640] multiqc                                            [DEBUG  ]  File ignored by rseqc/read_distribution because it exceeded search pattern filesize limit: SRX080712_trimmed_fastqc.html
[2023-02-27 17:59:20,640] multiqc                                            [DEBUG  ]  File ignored by rseqc/infer_experiment because it exceeded search pattern filesize limit: SRX080712_trimmed_fastqc.html
[2023-02-27 17:59:20,960] multiqc.plots.bargraph                             [DEBUG  ]  Using matplotlib version 3.4.2
[2023-02-27 17:59:20,979] multiqc.modules.featureCounts.feature_counts       [INFO   ]  Found 16 reports
[2023-02-27 17:59:20,986] multiqc.modules.bowtie1.bowtie1                    [INFO   ]  Found 16 reports
[2023-02-27 17:59:20,994] multiqc.modules.rseqc.rseqc                        [INFO   ]  Found 16 infer_experiment reports
[2023-02-27 17:59:20,997] multiqc.plots.linegraph                            [DEBUG  ]  Using matplotlib version 3.4.2
[2023-02-27 17:59:21,011] multiqc.modules.cutadapt.cutadapt                  [INFO   ]  Found 16 reports
[2023-02-27 17:59:21,043] multiqc.modules.fastqc.fastqc                      [INFO   ]  Found 16 reports
[2023-02-27 17:59:21,138] multiqc                                            [INFO   ]  Compressing plot data
[2023-02-27 17:59:21,338] multiqc                                            [INFO   ]  Report      : multiqc_report.html
[2023-02-27 17:59:21,338] multiqc                                            [INFO   ]  Data        : multiqc_data
[2023-02-27 17:59:21,338] multiqc                                            [DEBUG  ]  Moving data file from '/tmp/tmpvya1bs6u/multiqc_data' to '/home/alvaro/github/ica_preprocessing/work/7d/5a2efebedeadead6b1d33d87c24367/multiqc_data'
[2023-02-27 17:59:21,403] multiqc                                            [INFO   ]  MultiQC complete
